#
# A fatal error has been detected by the Java Runtime Environment:
#
#  SIGSEGV (0xb) at pc=0x00007fff2056181d, pid=61465, tid=259
#
# JRE version: OpenJDK Runtime Environment (23.0.1+11) (build 23.0.1+11-39)
# Java VM: OpenJDK 64-Bit Server VM (23.0.1+11-39, mixed mode, sharing, tiered, compressed oops, compressed class ptrs, g1 gc, bsd-amd64)
# Problematic frame:
# C  [libobjc.A.dylib+0x681d]  objc_msgSend+0x1d
#
# No core dump will be written. Core dumps have been disabled. To enable core dumping, try "ulimit -c unlimited" before starting Java again
#
# If you would like to submit a bug report, please visit:
#   https://bugreport.java.com/bugreport/crash.jsp
# The crash happened outside the Java Virtual Machine in native code.
# See problematic frame for where to report the bug.
#

---------------  S U M M A R Y ------------

Command Line: MainApp.CodeMiniProjet.Labyrinthe input6.txt

Host: "MacBookAir6,1" x86_64 1700 MHz, 4 cores, 8G, Darwin 20.6.0, macOS 11.7.10 (20G1427)
Time: Mon Dec 30 01:34:57 2024 CET elapsed time: 1.506844 seconds (0d 0h 0m 1s)

---------------  T H R E A D  ---------------

Current thread (0x00007fe9e991b000):  JavaThread "AppKit Thread" daemon [_thread_in_native, id=259, stack(0x00007ffee9488000,0x00007ffee9c88000) (8192K)]

Stack: [0x00007ffee9488000,0x00007ffee9c88000],  sp=0x00007ffee9c81b78,  free space=8166k
Native frames: (J=compiled Java code, j=interpreted, Vv=VM code, C=native code)
C  [libobjc.A.dylib+0x681d]  objc_msgSend+0x1d
C  [AppleIntelHD5000GraphicsMTLDriver+0x32ef3]  -[MTLIGAccelBlitCommandEncoder copyFromTexture:sourceSlice:sourceLevel:sourceOrigin:sourceSize:toTexture:destinationSlice:destinationLevel:destinationOrigin:]+0x12f
C  [libawt_lwawt.dylib+0x79032]  -[MTLLayer blitTexture]+0x312
j  sun.java2d.metal.MTLLayer.blitTexture(J)V+0 java.desktop@23.0.1
j  sun.java2d.metal.MTLLayer.lambda$drawInMTLContext$4(J)V+1 java.desktop@23.0.1
j  sun.java2d.metal.MTLLayer$$Lambda+0x00000001270ac368.run(J)V+1 java.desktop@23.0.1
j  sun.lwawt.macosx.CFRetainedResource.execute(Lsun/lwawt/macosx/CFRetainedResource$CFNativeAction;)V+23 java.desktop@23.0.1
j  sun.java2d.metal.MTLLayer.drawInMTLContext()V+14 java.desktop@23.0.1
v  ~StubRoutines::call_stub 0x0000000119357c86
V  [libjvm.dylib+0x5794df]  JavaCalls::call_helper(JavaValue*, methodHandle const&, JavaCallArguments*, JavaThread*)+0x2cf
V  [libjvm.dylib+0x5e7712]  jni_invoke_nonstatic(JNIEnv_*, JavaValue*, _jobject*, JNICallType, _jmethodID*, JNI_ArgumentPusher*, JavaThread*)+0x3e2
V  [libjvm.dylib+0x5ec5f4]  jni_CallVoidMethod+0x184
C  [libawt_lwawt.dylib+0x79526]  -[MTLLayer blitCallback]+0x296
C  [libawt_lwawt.dylib+0x7965f]  -[MTLLayer display]+0x5f
C  [QuartzCore+0x216f3]  CA::Layer::display_if_needed(CA::Transaction*)+0x35f
C  [QuartzCore+0x16cbee]  CA::Context::commit_transaction(CA::Transaction*, double, double*)+0x29a
C  [QuartzCore+0x2b6f]  CA::Transaction::commit()+0x2c9
C  [AppKit+0x1c31ac]  __62+[CATransaction(NSCATransaction) NS_setFlushesWithDisplayLink]_block_invoke+0x11d
C  [AppKit+0x918e22]  ___NSRunLoopObserverCreateWithHandler_block_invoke+0x29
C  [CoreFoundation+0x80091]  __CFRUNLOOP_IS_CALLING_OUT_TO_AN_OBSERVER_CALLBACK_FUNCTION__+0x17
C  [CoreFoundation+0x7ff25]  __CFRunLoopDoObservers+0x21f
C  [CoreFoundation+0x7f3b8]  __CFRunLoopRun+0x349
C  [CoreFoundation+0x7e9ac]  CFRunLoopRunSpecific+0x233
C  [HIToolbox+0x311f3]  RunCurrentEventLoopInMode+0x124
C  [HIToolbox+0x30f55]  ReceiveNextEventCommon+0x24b
C  [HIToolbox+0x30cf3]  _BlockUntilNextEventMatchingListInModeWithFilter+0x46
C  [AppKit+0x3ead2]  _DPSNextEvent+0x360
C  [AppKit+0x3d2a5]  -[NSApplication(NSEvent) _nextEventMatchingEventMask:untilDate:inMode:dequeue:]+0x554
C  [libosxapp.dylib+0x41fa]  -[NSApplicationAWT nextEventMatchingMask:untilDate:inMode:dequeue:]+0x7a
C  [AppKit+0x2f5c9]  -[NSApplication run]+0x24a
C  [libosxapp.dylib+0x3fc0]  +[NSApplicationAWT runAWTLoopWithApp:]+0xa0
C  [libawt_lwawt.dylib+0x71a97]  +[AWTStarter starter:headless:]+0x1d7
C  [libosxapp.dylib+0x5ccf]  +[ThreadUtilities invokeBlockCopy:]+0xf
C  [Foundation+0x80bb1]  __NSThreadPerformPerform+0xcc
C  [CoreFoundation+0x80cdc]  __CFRUNLOOP_IS_CALLING_OUT_TO_A_SOURCE0_PERFORM_FUNCTION__+0x11
C  [CoreFoundation+0x80c44]  __CFRunLoopDoSource0+0xb4
C  [CoreFoundation+0x809c4]  __CFRunLoopDoSources0+0xf2
C  [CoreFoundation+0x7f3ec]  __CFRunLoopRun+0x37d
C  [CoreFoundation+0x7e9ac]  CFRunLoopRunSpecific+0x233
C  [libjli.dylib+0x6f62]  CreateExecutionEnvironment+0x182
C  [libjli.dylib+0x267f]  JLI_Launch+0x53f
C  [java+0x3c13]  main+0x183
C  [libdyld.dylib+0x15f3d]  start+0x1
Java frames: (J=compiled Java code, j=interpreted, Vv=VM code)
j  sun.java2d.metal.MTLLayer.blitTexture(J)V+0 java.desktop@23.0.1
j  sun.java2d.metal.MTLLayer.lambda$drawInMTLContext$4(J)V+1 java.desktop@23.0.1
j  sun.java2d.metal.MTLLayer$$Lambda+0x00000001270ac368.run(J)V+1 java.desktop@23.0.1
j  sun.lwawt.macosx.CFRetainedResource.execute(Lsun/lwawt/macosx/CFRetainedResource$CFNativeAction;)V+23 java.desktop@23.0.1
j  sun.java2d.metal.MTLLayer.drawInMTLContext()V+14 java.desktop@23.0.1
v  ~StubRoutines::call_stub 0x0000000119357c86

siginfo: si_signo: 11 (SIGSEGV), si_code: 1 (SEGV_MAPERR), si_addr: 0x0000000033016450

Registers:
RAX=0x00007fe9ea959800, RBX=0x0000000000000000, RCX=0x00007fe9ea959a00, RDX=0x0000000000000000
RSP=0x00007ffee9c81b78, RBP=0x00007ffee9c81de0, RSI=0x00007fff7b9d5018, RDI=0x00007fe9ea959800
R8 =0x00007ffee9c81e70, R9 =0x00007ffee9c81e88, R10=0x0000000033016438, R11=0x00007fff7b9d5018
R12=0x00007fe9ea959600, R13=0x00007fe9ea959800, R14=0x00007fff7b9d5018, R15=0x0000000000000078
RIP=0x00007fff2056181d, EFLAGS=0x0000000000010202, ERR=0x0000000000000004
  TRAPNO=0x000000000000000e


Register to memory mapping:

RAX=0x00007fe9ea959800 points into unknown readable memory: 0x000000003301643f | 3f 64 01 33 00 00 00 00
RBX=0x0 is null
RCX=0x00007fe9ea959a00 points into unknown readable memory: 0x0000000000000000 | 00 00 00 00 00 00 00 00
RDX=0x0 is null
RSP=0x00007ffee9c81b78 is pointing into the stack for thread: 0x00007fe9e991b000
RBP=0x00007ffee9c81de0 is pointing into the stack for thread: 0x00007fe9e991b000
RSI=0x00007fff7b9d5018: GCC_except_table772+0x5b444708 in /usr/lib/libobjc.A.dylib at 0x00007fff2055b000
RDI=0x00007fe9ea959800 points into unknown readable memory: 0x000000003301643f | 3f 64 01 33 00 00 00 00
R8 =0x00007ffee9c81e70 is pointing into the stack for thread: 0x00007fe9e991b000
R9 =0x00007ffee9c81e88 is pointing into the stack for thread: 0x00007fe9e991b000
R10=0x0000000033016438 is an unknown value
R11=0x00007fff7b9d5018: GCC_except_table772+0x5b444708 in /usr/lib/libobjc.A.dylib at 0x00007fff2055b000
R12=0x00007fe9ea959600 points into unknown readable memory: 0x021dffff85c8d2f5 | f5 d2 c8 85 ff ff 1d 02
R13=0x00007fe9ea959800 points into unknown readable memory: 0x000000003301643f | 3f 64 01 33 00 00 00 00
R14=0x00007fff7b9d5018: GCC_except_table772+0x5b444708 in /usr/lib/libobjc.A.dylib at 0x00007fff2055b000
R15=0x0000000000000078 is an unknown value

Top of Stack: (sp=0x00007ffee9c81b78)
0x00007ffee9c81b78:   00007fff61e86e4c 0000000000000001
0x00007ffee9c81b88:   0000000000000003 0000000105fb1a00
0x00007ffee9c81b98:   0000000105fb3800 00007ffee9c81c40
0x00007ffee9c81ba8:   00007fff204eca60 f6ad4000c0001003
0x00007ffee9c81bb8:   000000000000ffff f9597abfcc47009f
0x00007ffee9c81bc8:   00007fe9ea0d0ae0 00007fff20561800
0x00007ffee9c81bd8:   0000000000000068 00007fe9e8e78da0
0x00007ffee9c81be8:   00007fe9e8e78da0 00007ffee9c81cc0
0x00007ffee9c81bf8:   00007fff2056239b 00007fff812d3cd8
0x00007ffee9c81c08:   0000000000000e30 f9597abfcc47009f
0x00007ffee9c81c18:   00007fe9ea0caf60 0000000000000000
0x00007ffee9c81c28:   00007fe9ea0cb390 0000000000000000
0x00007ffee9c81c38:   000000017ac08000 00007ffee9c81d10
0x00007ffee9c81c48:   00007fff2056239b 00007fff85c8d520
0x00007ffee9c81c58:   00007fe9eb0ec500 00007fe9eb0ec540
0x00007ffee9c81c68:   0000000000000010 fffffffffffffff0
0x00007ffee9c81c78:   00007fff7b9cd851 f9597abfcc47009f
0x00007ffee9c81c88:   00007fff20561800 00007fe9eb0eb600
0x00007ffee9c81c98:   00007fff7b9ce3eb f9597abfcc47009f
0x00007ffee9c81ca8:   00007fe9eb0ec790 00007fe9ea0d0ae0
0x00007ffee9c81cb8:   00007ffee9c81e70 00007fe9e8e78d18
0x00007ffee9c81cc8:   00007fe9e8e78ca0 00007ffee9c81da0
0x00007ffee9c81cd8:   00007fff2056239b 00007fff85c8d570
0x00007ffee9c81ce8:   0000000000020000 0000000000000006
0x00007ffee9c81cf8:   0000000000000000 0000001c00010000
0x00007ffee9c81d08:   00007fff7c27335e 00007fe9ea0d0ae0
0x00007ffee9c81d18:   00007fff61e85515 0000000100000001
0x00007ffee9c81d28:   0000000100000001 000000000000ffff
0x00007ffee9c81d38:   00007fe9ea0cafd0 00007ffee9c81da0
0x00007ffee9c81d48:   00007fff28643b04 0000000000000008
0x00007ffee9c81d58:   00007fe9ea959a00 00007fe9ea959800
0x00007ffee9c81d68:   00007fe9e8d95b00 00007fe9eb0eb600 

Instructions: (pc=0x00007fff2056181d)
0x00007fff2056171d:   48 8b 05 cc 13 43 60 ff e0 90 90 90 90 90 90 90
0x00007fff2056172d:   90 90 90 90 90 90 90 90 90 90 90 90 90 90 90 90
0x00007fff2056173d:   90 90 90 31 c0 31 d2 0f 57 c0 0f 57 c9 c3 90 d9
0x00007fff2056174d:   ee 31 c0 31 d2 0f 57 c0 0f 57 c9 c3 0f 1f 00 d9
0x00007fff2056175d:   ee d9 ee 31 c0 31 d2 0f 57 c0 0f 57 c9 c3 90 48
0x00007fff2056176d:   89 f8 c3 49 89 fa 49 89 f3 45 23 5a 18 49 c1 e3
0x00007fff2056177d:   04 4d 03 5a 10 49 3b 33 75 0e 49 8b 43 08 48 83
0x00007fff2056178d:   f8 00 74 03 4c 31 d0 c3 49 83 3b 01 76 17 49 83
0x00007fff2056179d:   c3 10 49 3b 33 75 f1 49 8b 43 08 48 83 f8 00 74
0x00007fff205617ad:   03 4c 31 d0 c3 72 25 4d 8b 5b 08 eb 0a 49 83 3b
0x00007fff205617bd:   01 76 17 49 83 c3 10 49 3b 33 75 f1 49 8b 43 08
0x00007fff205617cd:   48 83 f8 00 74 03 4c 31 d0 c3 eb 00 31 c0 c3 66
0x00007fff205617dd:   66 66 66 66 66 2e 0f 1f 84 00 00 00 00 00 66 66
0x00007fff205617ed:   66 66 66 66 2e 0f 1f 84 00 00 00 00 00 66 0f 1f
0x00007fff205617fd:   44 00 00 48 85 ff 2e 74 72 40 f6 c7 01 2e 75 76
0x00007fff2056180d:   49 ba f8 ff ff ff ff 7f 00 00 4c 23 17 49 89 f3
0x00007fff2056181d:   45 23 5a 18 49 c1 e3 04 4d 03 5a 10 49 3b 33 75
0x00007fff2056182d:   0a 4d 8b 5b 08 4d 31 d3 41 ff e3 49 83 3b 01 76
0x00007fff2056183d:   13 49 83 c3 10 49 3b 33 75 f1 4d 8b 5b 08 4d 31
0x00007fff2056184d:   d3 41 ff e3 72 70 4d 8b 5b 08 eb 0a 49 83 3b 01
0x00007fff2056185d:   76 13 49 83 c3 10 49 3b 33 75 f1 4d 8b 5b 08 4d
0x00007fff2056186d:   31 d3 41 ff e3 eb 4f 0f 1f 40 00 31 c0 31 d2 0f
0x00007fff2056187d:   57 c0 0f 57 c9 c3 41 89 fb 41 83 e3 0f 4c 8d 15
0x00007fff2056188d:   2f 09 43 60 4f 8b 14 da 4c 8d 1d fc 07 43 60 4d
0x00007fff2056189d:   39 d3 0f 85 75 ff ff ff 41 89 fb 41 c1 eb 04 41
0x00007fff205618ad:   81 e3 ff 00 00 00 4c 8d 15 86 09 43 60 4f 8b 14
0x00007fff205618bd:   da e9 57 ff ff ff e9 88 0a 00 00 66 66 66 66 66
0x00007fff205618cd:   66 2e 0f 1f 84 00 00 00 00 00 66 66 66 66 66 66
0x00007fff205618dd:   2e 0f 1f 84 00 00 00 00 00 66 66 66 66 66 66 2e
0x00007fff205618ed:   0f 1f 84 00 00 00 00 00 66 66 2e 0f 1f 84 00 00
0x00007fff205618fd:   00 00 00 48 85 ff 2e 74 6a 40 f6 c7 01 2e 75 6b
0x00007fff2056190d:   49 ba f8 ff ff ff ff 7f 00 00 4c 23 17 49 89 f3 


Stack slot to memory mapping:

stack at sp + 0 slots: 0x00007fff61e86e4c: _ZN25IGAccelBlitCommandEncoder20copyTextureToTextureEP17MTLIGAccelTexturejjR9MTLOriginR7MTLSizeS1_jjS3_m+0x70 in /System/Library/Extensions/AppleIntelHD5000GraphicsMTLDriver.bundle/Contents/MacOS/AppleIntelHD5000GraphicsMTLDriver at 0x00007fff61e36000
stack at sp + 1 slots: 0x0000000000000001 is an unknown value
stack at sp + 2 slots: 0x0000000000000003 is an unknown value
stack at sp + 3 slots: 0x0000000105fb1a00 points into unknown readable memory: 0x0000000000000000 | 00 00 00 00 00 00 00 00
stack at sp + 4 slots: 0x0000000105fb3800 points into unknown readable memory: 0x0000000000000000 | 00 00 00 00 00 00 00 00
stack at sp + 5 slots: 0x00007ffee9c81c40 is pointing into the stack for thread: 0x00007fe9e991b000
stack at sp + 6 slots: 0x00007fff204eca60: tiny_malloc_should_clear+0x3ec in /usr/lib/system/libsystem_malloc.dylib at 0x00007fff204e9000
stack at sp + 7 slots: 0xf6ad4000c0001003 is an unknown value

Lock stack of current Java thread (top to bottom):


---------------  P R O C E S S  ---------------

Threads class SMR info:
_java_thread_list=0x00007fe9e8c748e0, length=15, elements={
0x00007fe9eb008600, 0x00007fe9e981d600, 0x00007fe9e981de00, 0x00007fe9e981e600,
0x00007fe9e981ee00, 0x00007fe9e981f600, 0x00007fe9e9822000, 0x00007fe9e9822800,
0x00007fe9e9853000, 0x00007fe9e9853800, 0x00007fe9e991b000, 0x00007fe9e991cc00,
0x00007fe9e90cda00, 0x00007fe9e90dc800, 0x00007fe9e90dc000
}

Java Threads: ( => current thread )
  0x00007fe9eb008600 JavaThread "main"                              [_thread_in_native, id=9987, stack(0x000070000045f000,0x000070000055f000) (1024K)]
  0x00007fe9e981d600 JavaThread "Reference Handler"          daemon [_thread_blocked, id=39683, stack(0x0000700000d7d000,0x0000700000e7d000) (1024K)]
  0x00007fe9e981de00 JavaThread "Finalizer"                  daemon [_thread_blocked, id=23811, stack(0x0000700000e80000,0x0000700000f80000) (1024K)]
  0x00007fe9e981e600 JavaThread "Signal Dispatcher"          daemon [_thread_blocked, id=39427, stack(0x0000700000f83000,0x0000700001083000) (1024K)]
  0x00007fe9e981ee00 JavaThread "Service Thread"             daemon [_thread_blocked, id=39171, stack(0x0000700001086000,0x0000700001186000) (1024K)]
  0x00007fe9e981f600 JavaThread "Monitor Deflation Thread"   daemon [_thread_blocked, id=24835, stack(0x0000700001189000,0x0000700001289000) (1024K)]
  0x00007fe9e9822000 JavaThread "C2 CompilerThread0"         daemon [_thread_blocked, id=38915, stack(0x000070000128c000,0x000070000138c000) (1024K)]
  0x00007fe9e9822800 JavaThread "C1 CompilerThread0"         daemon [_thread_blocked, id=38403, stack(0x000070000138f000,0x000070000148f000) (1024K)]
  0x00007fe9e9853000 JavaThread "Notification Thread"        daemon [_thread_blocked, id=25347, stack(0x0000700001492000,0x0000700001592000) (1024K)]
  0x00007fe9e9853800 JavaThread "Common-Cleaner"             daemon [_thread_blocked, id=25603, stack(0x0000700001595000,0x0000700001695000) (1024K)]
=>0x00007fe9e991b000 JavaThread "AppKit Thread"              daemon [_thread_in_native, id=259, stack(0x00007ffee9488000,0x00007ffee9c88000) (8192K)]
  0x00007fe9e991cc00 JavaThread "AWT-Shutdown"                      [_thread_blocked, id=86543, stack(0x000070000179e000,0x000070000189e000) (1024K)]
  0x00007fe9e90cda00 JavaThread "Java2D Queue Flusher"       daemon [_thread_blocked, id=55559, stack(0x00007000019a7000,0x0000700001aa7000) (1024K)]
  0x00007fe9e90dc800 JavaThread "Java2D Disposer"            daemon [_thread_blocked, id=55811, stack(0x0000700001aaa000,0x0000700001baa000) (1024K)]
  0x00007fe9e90dc000 JavaThread "AWT-EventQueue-0"                  [_thread_blocked, id=68867, stack(0x0000700001bad000,0x0000700001cad000) (1024K)]
Total: 15

Other Threads:
  0x00007fe9e8c24c70 VMThread "VM Thread"                           [id=16643, stack(0x0000700000b74000,0x0000700000c74000) (1024K)]
  0x00007fe9e8d0d820 WatcherThread "VM Periodic Task Thread"        [id=18947, stack(0x0000700000a71000,0x0000700000b71000) (1024K)]
  0x00007fe9ea00da30 WorkerThread "GC Thread#0"                     [id=20995, stack(0x0000700000562000,0x0000700000662000) (1024K)]
  0x00007fe9ea00e940 ConcurrentGCThread "G1 Main Marker"            [id=20483, stack(0x0000700000665000,0x0000700000765000) (1024K)]
  0x00007fe9ea00f750 WorkerThread "G1 Conc#0"                       [id=14339, stack(0x0000700000768000,0x0000700000868000) (1024K)]
  0x00007fe9e9009200 ConcurrentGCThread "G1 Refine#0"               [id=14595, stack(0x000070000086b000,0x000070000096b000) (1024K)]
  0x00007fe9e8c1c7a0 ConcurrentGCThread "G1 Service"                [id=19715, stack(0x000070000096e000,0x0000700000a6e000) (1024K)]
Total: 7

Threads with active compile tasks:
Total: 0

VM state: not at safepoint (normal execution)

VM Mutex/Monitor currently owned by a thread: None

Heap address: 0x0000000780000000, size: 2048 MB, Compressed Oops mode: Zero based, Oop shift amount: 3

CDS archive(s) mapped at: [0x0000000126000000-0x0000000126d94000-0x0000000126d94000), size 14237696, SharedBaseAddress: 0x0000000126000000, ArchiveRelocationMode: 1.
Compressed class space mapped at: 0x0000000127000000-0x0000000167000000, reserved size: 1073741824
Narrow klass base: 0x0000000126000000, Narrow klass shift: 0, Narrow klass range: 0x100000000

GC Precious Log:
 CardTable entry size: 512
 Card Set container configuration: InlinePtr #cards 5 size 8 Array Of Cards #cards 10 size 36 Howl #buckets 4 coarsen threshold 1843 Howl Bitmap #cards 512 size 80 coarsen threshold 460 Card regions per heap region 1 cards per card region 2048
 CPUs: 4 total, 4 available
 Memory: 8192M
 Large Page Support: Disabled
 NUMA Support: Disabled
 Compressed Oops: Enabled (Zero based)
 Heap Region Size: 1M
 Heap Min Capacity: 8M
 Heap Initial Capacity: 128M
 Heap Max Capacity: 2G
 Pre-touch: Disabled
 Parallel Workers: 4
 Concurrent Workers: 1
 Concurrent Refinement Workers: 4
 Periodic GC: Disabled

Heap:
 garbage-first heap   total reserved 2097152K, committed 133120K, used 6260K [0x0000000780000000, 0x0000000800000000)
  region size 1024K, 6 young (6144K), 0 survivors (0K)
 Metaspace       used 5758K, committed 5952K, reserved 1114112K
  class space    used 669K, committed 768K, reserved 1048576K

Heap Regions: E=young(eden), S=young(survivor), O=old, HS=humongous(starts), HC=humongous(continues), CS=collection set, F=free, TAMS=top-at-mark-start, PB=parsable bottom
|   0|0x0000000780000000, 0x0000000780000000, 0x0000000780100000|  0%| F|  |TAMS 0x0000000780000000| PB 0x0000000780000000| Untracked |  0
|   1|0x0000000780100000, 0x0000000780100000, 0x0000000780200000|  0%| F|  |TAMS 0x0000000780100000| PB 0x0000000780100000| Untracked |  0
|   2|0x0000000780200000, 0x0000000780200000, 0x0000000780300000|  0%| F|  |TAMS 0x0000000780200000| PB 0x0000000780200000| Untracked |  0
|   3|0x0000000780300000, 0x0000000780300000, 0x0000000780400000|  0%| F|  |TAMS 0x0000000780300000| PB 0x0000000780300000| Untracked |  0
|   4|0x0000000780400000, 0x0000000780400000, 0x0000000780500000|  0%| F|  |TAMS 0x0000000780400000| PB 0x0000000780400000| Untracked |  0
|   5|0x0000000780500000, 0x0000000780500000, 0x0000000780600000|  0%| F|  |TAMS 0x0000000780500000| PB 0x0000000780500000| Untracked |  0
|   6|0x0000000780600000, 0x0000000780600000, 0x0000000780700000|  0%| F|  |TAMS 0x0000000780600000| PB 0x0000000780600000| Untracked |  0
|   7|0x0000000780700000, 0x0000000780700000, 0x0000000780800000|  0%| F|  |TAMS 0x0000000780700000| PB 0x0000000780700000| Untracked |  0
|   8|0x0000000780800000, 0x0000000780800000, 0x0000000780900000|  0%| F|  |TAMS 0x0000000780800000| PB 0x0000000780800000| Untracked |  0
|   9|0x0000000780900000, 0x0000000780900000, 0x0000000780a00000|  0%| F|  |TAMS 0x0000000780900000| PB 0x0000000780900000| Untracked |  0
|  10|0x0000000780a00000, 0x0000000780a00000, 0x0000000780b00000|  0%| F|  |TAMS 0x0000000780a00000| PB 0x0000000780a00000| Untracked |  0
|  11|0x0000000780b00000, 0x0000000780b00000, 0x0000000780c00000|  0%| F|  |TAMS 0x0000000780b00000| PB 0x0000000780b00000| Untracked |  0
|  12|0x0000000780c00000, 0x0000000780c00000, 0x0000000780d00000|  0%| F|  |TAMS 0x0000000780c00000| PB 0x0000000780c00000| Untracked |  0
|  13|0x0000000780d00000, 0x0000000780d00000, 0x0000000780e00000|  0%| F|  |TAMS 0x0000000780d00000| PB 0x0000000780d00000| Untracked |  0
|  14|0x0000000780e00000, 0x0000000780e00000, 0x0000000780f00000|  0%| F|  |TAMS 0x0000000780e00000| PB 0x0000000780e00000| Untracked |  0
|  15|0x0000000780f00000, 0x0000000780f00000, 0x0000000781000000|  0%| F|  |TAMS 0x0000000780f00000| PB 0x0000000780f00000| Untracked |  0
|  16|0x0000000781000000, 0x0000000781000000, 0x0000000781100000|  0%| F|  |TAMS 0x0000000781000000| PB 0x0000000781000000| Untracked |  0
|  17|0x0000000781100000, 0x0000000781100000, 0x0000000781200000|  0%| F|  |TAMS 0x0000000781100000| PB 0x0000000781100000| Untracked |  0
|  18|0x0000000781200000, 0x0000000781200000, 0x0000000781300000|  0%| F|  |TAMS 0x0000000781200000| PB 0x0000000781200000| Untracked |  0
|  19|0x0000000781300000, 0x0000000781300000, 0x0000000781400000|  0%| F|  |TAMS 0x0000000781300000| PB 0x0000000781300000| Untracked |  0
|  20|0x0000000781400000, 0x0000000781400000, 0x0000000781500000|  0%| F|  |TAMS 0x0000000781400000| PB 0x0000000781400000| Untracked |  0
|  21|0x0000000781500000, 0x0000000781500000, 0x0000000781600000|  0%| F|  |TAMS 0x0000000781500000| PB 0x0000000781500000| Untracked |  0
|  22|0x0000000781600000, 0x0000000781600000, 0x0000000781700000|  0%| F|  |TAMS 0x0000000781600000| PB 0x0000000781600000| Untracked |  0
|  23|0x0000000781700000, 0x0000000781700000, 0x0000000781800000|  0%| F|  |TAMS 0x0000000781700000| PB 0x0000000781700000| Untracked |  0
|  24|0x0000000781800000, 0x0000000781800000, 0x0000000781900000|  0%| F|  |TAMS 0x0000000781800000| PB 0x0000000781800000| Untracked |  0
|  25|0x0000000781900000, 0x0000000781900000, 0x0000000781a00000|  0%| F|  |TAMS 0x0000000781900000| PB 0x0000000781900000| Untracked |  0
|  26|0x0000000781a00000, 0x0000000781a00000, 0x0000000781b00000|  0%| F|  |TAMS 0x0000000781a00000| PB 0x0000000781a00000| Untracked |  0
|  27|0x0000000781b00000, 0x0000000781b00000, 0x0000000781c00000|  0%| F|  |TAMS 0x0000000781b00000| PB 0x0000000781b00000| Untracked |  0
|  28|0x0000000781c00000, 0x0000000781c00000, 0x0000000781d00000|  0%| F|  |TAMS 0x0000000781c00000| PB 0x0000000781c00000| Untracked |  0
|  29|0x0000000781d00000, 0x0000000781d00000, 0x0000000781e00000|  0%| F|  |TAMS 0x0000000781d00000| PB 0x0000000781d00000| Untracked |  0
|  30|0x0000000781e00000, 0x0000000781e00000, 0x0000000781f00000|  0%| F|  |TAMS 0x0000000781e00000| PB 0x0000000781e00000| Untracked |  0
|  31|0x0000000781f00000, 0x0000000781f00000, 0x0000000782000000|  0%| F|  |TAMS 0x0000000781f00000| PB 0x0000000781f00000| Untracked |  0
|  32|0x0000000782000000, 0x0000000782000000, 0x0000000782100000|  0%| F|  |TAMS 0x0000000782000000| PB 0x0000000782000000| Untracked |  0
|  33|0x0000000782100000, 0x0000000782100000, 0x0000000782200000|  0%| F|  |TAMS 0x0000000782100000| PB 0x0000000782100000| Untracked |  0
|  34|0x0000000782200000, 0x0000000782200000, 0x0000000782300000|  0%| F|  |TAMS 0x0000000782200000| PB 0x0000000782200000| Untracked |  0
|  35|0x0000000782300000, 0x0000000782300000, 0x0000000782400000|  0%| F|  |TAMS 0x0000000782300000| PB 0x0000000782300000| Untracked |  0
|  36|0x0000000782400000, 0x0000000782400000, 0x0000000782500000|  0%| F|  |TAMS 0x0000000782400000| PB 0x0000000782400000| Untracked |  0
|  37|0x0000000782500000, 0x0000000782500000, 0x0000000782600000|  0%| F|  |TAMS 0x0000000782500000| PB 0x0000000782500000| Untracked |  0
|  38|0x0000000782600000, 0x0000000782600000, 0x0000000782700000|  0%| F|  |TAMS 0x0000000782600000| PB 0x0000000782600000| Untracked |  0
|  39|0x0000000782700000, 0x0000000782700000, 0x0000000782800000|  0%| F|  |TAMS 0x0000000782700000| PB 0x0000000782700000| Untracked |  0
|  40|0x0000000782800000, 0x0000000782800000, 0x0000000782900000|  0%| F|  |TAMS 0x0000000782800000| PB 0x0000000782800000| Untracked |  0
|  41|0x0000000782900000, 0x0000000782900000, 0x0000000782a00000|  0%| F|  |TAMS 0x0000000782900000| PB 0x0000000782900000| Untracked |  0
|  42|0x0000000782a00000, 0x0000000782a00000, 0x0000000782b00000|  0%| F|  |TAMS 0x0000000782a00000| PB 0x0000000782a00000| Untracked |  0
|  43|0x0000000782b00000, 0x0000000782b00000, 0x0000000782c00000|  0%| F|  |TAMS 0x0000000782b00000| PB 0x0000000782b00000| Untracked |  0
|  44|0x0000000782c00000, 0x0000000782c00000, 0x0000000782d00000|  0%| F|  |TAMS 0x0000000782c00000| PB 0x0000000782c00000| Untracked |  0
|  45|0x0000000782d00000, 0x0000000782d00000, 0x0000000782e00000|  0%| F|  |TAMS 0x0000000782d00000| PB 0x0000000782d00000| Untracked |  0
|  46|0x0000000782e00000, 0x0000000782e00000, 0x0000000782f00000|  0%| F|  |TAMS 0x0000000782e00000| PB 0x0000000782e00000| Untracked |  0
|  47|0x0000000782f00000, 0x0000000782f00000, 0x0000000783000000|  0%| F|  |TAMS 0x0000000782f00000| PB 0x0000000782f00000| Untracked |  0
|  48|0x0000000783000000, 0x0000000783000000, 0x0000000783100000|  0%| F|  |TAMS 0x0000000783000000| PB 0x0000000783000000| Untracked |  0
|  49|0x0000000783100000, 0x0000000783100000, 0x0000000783200000|  0%| F|  |TAMS 0x0000000783100000| PB 0x0000000783100000| Untracked |  0
|  50|0x0000000783200000, 0x0000000783200000, 0x0000000783300000|  0%| F|  |TAMS 0x0000000783200000| PB 0x0000000783200000| Untracked |  0
|  51|0x0000000783300000, 0x0000000783300000, 0x0000000783400000|  0%| F|  |TAMS 0x0000000783300000| PB 0x0000000783300000| Untracked |  0
|  52|0x0000000783400000, 0x0000000783400000, 0x0000000783500000|  0%| F|  |TAMS 0x0000000783400000| PB 0x0000000783400000| Untracked |  0
|  53|0x0000000783500000, 0x0000000783500000, 0x0000000783600000|  0%| F|  |TAMS 0x0000000783500000| PB 0x0000000783500000| Untracked |  0
|  54|0x0000000783600000, 0x0000000783600000, 0x0000000783700000|  0%| F|  |TAMS 0x0000000783600000| PB 0x0000000783600000| Untracked |  0
|  55|0x0000000783700000, 0x0000000783700000, 0x0000000783800000|  0%| F|  |TAMS 0x0000000783700000| PB 0x0000000783700000| Untracked |  0
|  56|0x0000000783800000, 0x0000000783800000, 0x0000000783900000|  0%| F|  |TAMS 0x0000000783800000| PB 0x0000000783800000| Untracked |  0
|  57|0x0000000783900000, 0x0000000783900000, 0x0000000783a00000|  0%| F|  |TAMS 0x0000000783900000| PB 0x0000000783900000| Untracked |  0
|  58|0x0000000783a00000, 0x0000000783a00000, 0x0000000783b00000|  0%| F|  |TAMS 0x0000000783a00000| PB 0x0000000783a00000| Untracked |  0
|  59|0x0000000783b00000, 0x0000000783b00000, 0x0000000783c00000|  0%| F|  |TAMS 0x0000000783b00000| PB 0x0000000783b00000| Untracked |  0
|  60|0x0000000783c00000, 0x0000000783c00000, 0x0000000783d00000|  0%| F|  |TAMS 0x0000000783c00000| PB 0x0000000783c00000| Untracked |  0
|  61|0x0000000783d00000, 0x0000000783d00000, 0x0000000783e00000|  0%| F|  |TAMS 0x0000000783d00000| PB 0x0000000783d00000| Untracked |  0
|  62|0x0000000783e00000, 0x0000000783e00000, 0x0000000783f00000|  0%| F|  |TAMS 0x0000000783e00000| PB 0x0000000783e00000| Untracked |  0
|  63|0x0000000783f00000, 0x0000000783f00000, 0x0000000784000000|  0%| F|  |TAMS 0x0000000783f00000| PB 0x0000000783f00000| Untracked |  0
|  64|0x0000000784000000, 0x0000000784000000, 0x0000000784100000|  0%| F|  |TAMS 0x0000000784000000| PB 0x0000000784000000| Untracked |  0
|  65|0x0000000784100000, 0x0000000784100000, 0x0000000784200000|  0%| F|  |TAMS 0x0000000784100000| PB 0x0000000784100000| Untracked |  0
|  66|0x0000000784200000, 0x0000000784200000, 0x0000000784300000|  0%| F|  |TAMS 0x0000000784200000| PB 0x0000000784200000| Untracked |  0
|  67|0x0000000784300000, 0x0000000784300000, 0x0000000784400000|  0%| F|  |TAMS 0x0000000784300000| PB 0x0000000784300000| Untracked |  0
|  68|0x0000000784400000, 0x0000000784400000, 0x0000000784500000|  0%| F|  |TAMS 0x0000000784400000| PB 0x0000000784400000| Untracked |  0
|  69|0x0000000784500000, 0x0000000784500000, 0x0000000784600000|  0%| F|  |TAMS 0x0000000784500000| PB 0x0000000784500000| Untracked |  0
|  70|0x0000000784600000, 0x0000000784600000, 0x0000000784700000|  0%| F|  |TAMS 0x0000000784600000| PB 0x0000000784600000| Untracked |  0
|  71|0x0000000784700000, 0x0000000784700000, 0x0000000784800000|  0%| F|  |TAMS 0x0000000784700000| PB 0x0000000784700000| Untracked |  0
|  72|0x0000000784800000, 0x0000000784800000, 0x0000000784900000|  0%| F|  |TAMS 0x0000000784800000| PB 0x0000000784800000| Untracked |  0
|  73|0x0000000784900000, 0x0000000784900000, 0x0000000784a00000|  0%| F|  |TAMS 0x0000000784900000| PB 0x0000000784900000| Untracked |  0
|  74|0x0000000784a00000, 0x0000000784a00000, 0x0000000784b00000|  0%| F|  |TAMS 0x0000000784a00000| PB 0x0000000784a00000| Untracked |  0
|  75|0x0000000784b00000, 0x0000000784b00000, 0x0000000784c00000|  0%| F|  |TAMS 0x0000000784b00000| PB 0x0000000784b00000| Untracked |  0
|  76|0x0000000784c00000, 0x0000000784c00000, 0x0000000784d00000|  0%| F|  |TAMS 0x0000000784c00000| PB 0x0000000784c00000| Untracked |  0
|  77|0x0000000784d00000, 0x0000000784d00000, 0x0000000784e00000|  0%| F|  |TAMS 0x0000000784d00000| PB 0x0000000784d00000| Untracked |  0
|  78|0x0000000784e00000, 0x0000000784e00000, 0x0000000784f00000|  0%| F|  |TAMS 0x0000000784e00000| PB 0x0000000784e00000| Untracked |  0
|  79|0x0000000784f00000, 0x0000000784f00000, 0x0000000785000000|  0%| F|  |TAMS 0x0000000784f00000| PB 0x0000000784f00000| Untracked |  0
|  80|0x0000000785000000, 0x0000000785000000, 0x0000000785100000|  0%| F|  |TAMS 0x0000000785000000| PB 0x0000000785000000| Untracked |  0
|  81|0x0000000785100000, 0x0000000785100000, 0x0000000785200000|  0%| F|  |TAMS 0x0000000785100000| PB 0x0000000785100000| Untracked |  0
|  82|0x0000000785200000, 0x0000000785200000, 0x0000000785300000|  0%| F|  |TAMS 0x0000000785200000| PB 0x0000000785200000| Untracked |  0
|  83|0x0000000785300000, 0x0000000785300000, 0x0000000785400000|  0%| F|  |TAMS 0x0000000785300000| PB 0x0000000785300000| Untracked |  0
|  84|0x0000000785400000, 0x0000000785400000, 0x0000000785500000|  0%| F|  |TAMS 0x0000000785400000| PB 0x0000000785400000| Untracked |  0
|  85|0x0000000785500000, 0x0000000785500000, 0x0000000785600000|  0%| F|  |TAMS 0x0000000785500000| PB 0x0000000785500000| Untracked |  0
|  86|0x0000000785600000, 0x0000000785600000, 0x0000000785700000|  0%| F|  |TAMS 0x0000000785600000| PB 0x0000000785600000| Untracked |  0
|  87|0x0000000785700000, 0x0000000785700000, 0x0000000785800000|  0%| F|  |TAMS 0x0000000785700000| PB 0x0000000785700000| Untracked |  0
|  88|0x0000000785800000, 0x0000000785800000, 0x0000000785900000|  0%| F|  |TAMS 0x0000000785800000| PB 0x0000000785800000| Untracked |  0
|  89|0x0000000785900000, 0x0000000785900000, 0x0000000785a00000|  0%| F|  |TAMS 0x0000000785900000| PB 0x0000000785900000| Untracked |  0
|  90|0x0000000785a00000, 0x0000000785a00000, 0x0000000785b00000|  0%| F|  |TAMS 0x0000000785a00000| PB 0x0000000785a00000| Untracked |  0
|  91|0x0000000785b00000, 0x0000000785b00000, 0x0000000785c00000|  0%| F|  |TAMS 0x0000000785b00000| PB 0x0000000785b00000| Untracked |  0
|  92|0x0000000785c00000, 0x0000000785c00000, 0x0000000785d00000|  0%| F|  |TAMS 0x0000000785c00000| PB 0x0000000785c00000| Untracked |  0
|  93|0x0000000785d00000, 0x0000000785d00000, 0x0000000785e00000|  0%| F|  |TAMS 0x0000000785d00000| PB 0x0000000785d00000| Untracked |  0
|  94|0x0000000785e00000, 0x0000000785e00000, 0x0000000785f00000|  0%| F|  |TAMS 0x0000000785e00000| PB 0x0000000785e00000| Untracked |  0
|  95|0x0000000785f00000, 0x0000000785f00000, 0x0000000786000000|  0%| F|  |TAMS 0x0000000785f00000| PB 0x0000000785f00000| Untracked |  0
|  96|0x0000000786000000, 0x0000000786000000, 0x0000000786100000|  0%| F|  |TAMS 0x0000000786000000| PB 0x0000000786000000| Untracked |  0
|  97|0x0000000786100000, 0x0000000786100000, 0x0000000786200000|  0%| F|  |TAMS 0x0000000786100000| PB 0x0000000786100000| Untracked |  0
|  98|0x0000000786200000, 0x0000000786200000, 0x0000000786300000|  0%| F|  |TAMS 0x0000000786200000| PB 0x0000000786200000| Untracked |  0
|  99|0x0000000786300000, 0x0000000786300000, 0x0000000786400000|  0%| F|  |TAMS 0x0000000786300000| PB 0x0000000786300000| Untracked |  0
| 100|0x0000000786400000, 0x0000000786400000, 0x0000000786500000|  0%| F|  |TAMS 0x0000000786400000| PB 0x0000000786400000| Untracked |  0
| 101|0x0000000786500000, 0x0000000786500000, 0x0000000786600000|  0%| F|  |TAMS 0x0000000786500000| PB 0x0000000786500000| Untracked |  0
| 102|0x0000000786600000, 0x0000000786600000, 0x0000000786700000|  0%| F|  |TAMS 0x0000000786600000| PB 0x0000000786600000| Untracked |  0
| 103|0x0000000786700000, 0x0000000786700000, 0x0000000786800000|  0%| F|  |TAMS 0x0000000786700000| PB 0x0000000786700000| Untracked |  0
| 104|0x0000000786800000, 0x0000000786800000, 0x0000000786900000|  0%| F|  |TAMS 0x0000000786800000| PB 0x0000000786800000| Untracked |  0
| 105|0x0000000786900000, 0x0000000786900000, 0x0000000786a00000|  0%| F|  |TAMS 0x0000000786900000| PB 0x0000000786900000| Untracked |  0
| 106|0x0000000786a00000, 0x0000000786a00000, 0x0000000786b00000|  0%| F|  |TAMS 0x0000000786a00000| PB 0x0000000786a00000| Untracked |  0
| 107|0x0000000786b00000, 0x0000000786b00000, 0x0000000786c00000|  0%| F|  |TAMS 0x0000000786b00000| PB 0x0000000786b00000| Untracked |  0
| 108|0x0000000786c00000, 0x0000000786c00000, 0x0000000786d00000|  0%| F|  |TAMS 0x0000000786c00000| PB 0x0000000786c00000| Untracked |  0
| 109|0x0000000786d00000, 0x0000000786d00000, 0x0000000786e00000|  0%| F|  |TAMS 0x0000000786d00000| PB 0x0000000786d00000| Untracked |  0
| 110|0x0000000786e00000, 0x0000000786e00000, 0x0000000786f00000|  0%| F|  |TAMS 0x0000000786e00000| PB 0x0000000786e00000| Untracked |  0
| 111|0x0000000786f00000, 0x0000000786f00000, 0x0000000787000000|  0%| F|  |TAMS 0x0000000786f00000| PB 0x0000000786f00000| Untracked |  0
| 112|0x0000000787000000, 0x0000000787000000, 0x0000000787100000|  0%| F|  |TAMS 0x0000000787000000| PB 0x0000000787000000| Untracked |  0
| 113|0x0000000787100000, 0x0000000787100000, 0x0000000787200000|  0%| F|  |TAMS 0x0000000787100000| PB 0x0000000787100000| Untracked |  0
| 114|0x0000000787200000, 0x0000000787200000, 0x0000000787300000|  0%| F|  |TAMS 0x0000000787200000| PB 0x0000000787200000| Untracked |  0
| 115|0x0000000787300000, 0x0000000787300000, 0x0000000787400000|  0%| F|  |TAMS 0x0000000787300000| PB 0x0000000787300000| Untracked |  0
| 116|0x0000000787400000, 0x0000000787400000, 0x0000000787500000|  0%| F|  |TAMS 0x0000000787400000| PB 0x0000000787400000| Untracked |  0
| 117|0x0000000787500000, 0x0000000787500000, 0x0000000787600000|  0%| F|  |TAMS 0x0000000787500000| PB 0x0000000787500000| Untracked |  0
| 118|0x0000000787600000, 0x0000000787600000, 0x0000000787700000|  0%| F|  |TAMS 0x0000000787600000| PB 0x0000000787600000| Untracked |  0
| 119|0x0000000787700000, 0x0000000787700000, 0x0000000787800000|  0%| F|  |TAMS 0x0000000787700000| PB 0x0000000787700000| Untracked |  0
| 120|0x0000000787800000, 0x0000000787800000, 0x0000000787900000|  0%| F|  |TAMS 0x0000000787800000| PB 0x0000000787800000| Untracked |  0
| 121|0x0000000787900000, 0x0000000787900000, 0x0000000787a00000|  0%| F|  |TAMS 0x0000000787900000| PB 0x0000000787900000| Untracked |  0
| 122|0x0000000787a00000, 0x0000000787a47b18, 0x0000000787b00000| 28%| E|  |TAMS 0x0000000787a00000| PB 0x0000000787a00000| Complete |  0
| 123|0x0000000787b00000, 0x0000000787c00000, 0x0000000787c00000|100%| E|CS|TAMS 0x0000000787b00000| PB 0x0000000787b00000| Complete |  0
| 124|0x0000000787c00000, 0x0000000787d00000, 0x0000000787d00000|100%| E|CS|TAMS 0x0000000787c00000| PB 0x0000000787c00000| Complete |  0
| 125|0x0000000787d00000, 0x0000000787e00000, 0x0000000787e00000|100%| E|CS|TAMS 0x0000000787d00000| PB 0x0000000787d00000| Complete |  0
| 126|0x0000000787e00000, 0x0000000787f00000, 0x0000000787f00000|100%| E|CS|TAMS 0x0000000787e00000| PB 0x0000000787e00000| Complete |  0
| 127|0x0000000787f00000, 0x0000000788000000, 0x0000000788000000|100%| E|CS|TAMS 0x0000000787f00000| PB 0x0000000787f00000| Complete |  0
|2046|0x00000007ffe00000, 0x00000007fff00000, 0x00000007fff00000|100%| O|  |TAMS 0x00000007ffe00000| PB 0x00000007ffe00000| Untracked |  0
|2047|0x00000007fff00000, 0x00000007fff1d0b0, 0x0000000800000000| 11%| O|  |TAMS 0x00000007fff00000| PB 0x00000007fff00000| Untracked |  0

Card table byte_map: [0x0000000121220000,0x0000000121620000] _byte_map_base: 0x000000011d620000

Marking Bits: (CMBitMap*) 0x00007fe9ea81a810
 Bits: [0x0000000121620000, 0x0000000123620000)

Polling page: 0x0000000105fd2000

Metaspace:

Usage:
  Non-class:      4.97 MB used.
      Class:    669.88 KB used.
       Both:      5.62 MB used.

Virtual space:
  Non-class space:       64.00 MB reserved,       5.06 MB (  8%) committed,  1 nodes.
      Class space:        1.00 GB reserved,     768.00 KB ( <1%) committed,  1 nodes.
             Both:        1.06 GB reserved,       5.81 MB ( <1%) committed. 

Chunk freelists:
   Non-Class:  10.82 MB
       Class:  15.22 MB
        Both:  26.04 MB

MaxMetaspaceSize: unlimited
CompressedClassSpaceSize: 1.00 GB
Initial GC threshold: 21.00 MB
Current GC threshold: 21.00 MB
CDS: on
 - commit_granule_bytes: 65536.
 - commit_granule_words: 8192.
 - virtual_space_node_default_size: 8388608.
 - enlarge_chunks_in_place: 1.
 - use_allocation_guard: 0.


Internal statistics:

num_allocs_failed_limit: 0.
num_arena_births: 174.
num_arena_deaths: 0.
num_vsnodes_births: 2.
num_vsnodes_deaths: 0.
num_space_committed: 93.
num_space_uncommitted: 0.
num_chunks_returned_to_freelist: 0.
num_chunks_taken_from_freelist: 197.
num_chunk_merges: 0.
num_chunk_splits: 131.
num_chunks_enlarged: 70.
num_inconsistent_stats: 0.

CodeHeap 'non-profiled nmethods': size=120036Kb used=175Kb max_used=175Kb free=119860Kb
 bounds [0x00000001198e7000, 0x0000000119b57000, 0x0000000120e20000]
CodeHeap 'profiled nmethods': size=120028Kb used=630Kb max_used=630Kb free=119398Kb
 bounds [0x0000000111e20000, 0x0000000112090000, 0x0000000119357000]
CodeHeap 'non-nmethods': size=5696Kb used=1502Kb max_used=1516Kb free=4193Kb
 bounds [0x0000000119357000, 0x00000001195c7000, 0x00000001198e7000]
CodeCache: size=245760Kb, used=2307Kb, max_used=2321Kb, free=243451Kb
 total_blobs=1189, nmethods=583, adapters=513, full_count=0
Compilation: enabled, stopped_count=0, restarted_count=0

Compilation events (20 events):
Event: 1.417 Thread 0x00007fe9e9822800 nmethod 561 0x0000000119910688 code [0x00000001199107a0, 0x0000000119910860]
Event: 1.417 Thread 0x00007fe9e9822800  563  s    3       sun.java2d.loops.GraphicsPrimitive::makeUniqueID (26 bytes)
Event: 1.418 Thread 0x00007fe9e9822800 nmethod 563 0x0000000111eb8488 code [0x0000000111eb85a0, 0x0000000111eb8860]
Event: 1.418 Thread 0x00007fe9e9822800  562       1       sun.java2d.loops.CompositeType::getUniqueID (5 bytes)
Event: 1.418 Thread 0x00007fe9e9822800 nmethod 562 0x0000000119910988 code [0x0000000119910aa0, 0x0000000119910b60]
Event: 1.418 Thread 0x00007fe9e9822800  564       3       sun.java2d.loops.GraphicsPrimitive::<init> (75 bytes)
Event: 1.418 Thread 0x00007fe9e9822800 nmethod 564 0x0000000111eb8888 code [0x0000000111eb89e0, 0x0000000111eb9018]
Event: 1.425 Thread 0x00007fe9e9822800  565       3       java.lang.invoke.DirectMethodHandle::allocateInstance (16 bytes)
Event: 1.425 Thread 0x00007fe9e9822800 nmethod 565 0x0000000111eb9088 code [0x0000000111eb91c0, 0x0000000111eb93c8]
Event: 1.425 Thread 0x00007fe9e9822800  566       3       java.lang.invoke.DirectMethodHandle::constructorMethod (10 bytes)
Event: 1.425 Thread 0x00007fe9e9822800 nmethod 566 0x0000000111eb9408 code [0x0000000111eb9520, 0x0000000111eb96e8]
Event: 1.483 Thread 0x00007fe9e9822800  568       3       java.lang.invoke.LambdaForm::returnType (26 bytes)
Event: 1.484 Thread 0x00007fe9e9822800 nmethod 568 0x0000000111eb9708 code [0x0000000111eb9820, 0x0000000111eb99c0]
Event: 1.493 Thread 0x00007fe9e9822800  570       3       java.util.concurrent.locks.AbstractQueuedSynchronizer::compareAndSetState (13 bytes)
Event: 1.493 Thread 0x00007fe9e9822800 nmethod 570 0x0000000111eb9a08 code [0x0000000111eb9b20, 0x0000000111eb9c40]
Event: 1.497 Thread 0x00007fe9e9822000  571       4       jdk.internal.misc.Unsafe::putReferenceRelease (9 bytes)
Event: 1.499 Thread 0x00007fe9e9822800  574       3       jdk.internal.org.objectweb.asm.Frame::pop (53 bytes)
Event: 1.499 Thread 0x00007fe9e9822000 nmethod 571 0x0000000119911888 code [0x0000000119911980, 0x0000000119911ad8]
Event: 1.499 Thread 0x00007fe9e9822000  572       4       java.util.concurrent.ConcurrentHashMap::casTabAt (21 bytes)
Event: 1.500 Thread 0x00007fe9e9822800 nmethod 574 0x0000000111eb9d08 code [0x0000000111eb9ec0, 0x0000000111eba600]

GC Heap History (0 events):
No events

Dll operation events (8 events):
Event: 0.012 Loaded shared library /Users/oumou/Library/Java/JavaVirtualMachines/openjdk-23.0.1/Contents/Home/lib/libjava.dylib
Event: 0.267 Loaded shared library /Users/oumou/Library/Java/JavaVirtualMachines/openjdk-23.0.1/Contents/Home/lib/libnio.dylib
Event: 0.272 Loaded shared library /Users/oumou/Library/Java/JavaVirtualMachines/openjdk-23.0.1/Contents/Home/lib/libjimage.dylib
Event: 0.318 Loaded shared library /Users/oumou/Library/Java/JavaVirtualMachines/openjdk-23.0.1/Contents/Home/lib/libnet.dylib
Event: 0.425 Loaded shared library /Users/oumou/Library/Java/JavaVirtualMachines/openjdk-23.0.1/Contents/Home/lib/libawt.dylib
Event: 0.441 Loaded shared library /Users/oumou/Library/Java/JavaVirtualMachines/openjdk-23.0.1/Contents/Home/lib/libawt_lwawt.dylib
Event: 0.491 Loaded shared library /Users/oumou/Library/Java/JavaVirtualMachines/openjdk-23.0.1/Contents/Home/lib/libfontmanager.dylib
Event: 0.958 Loaded shared library /Users/oumou/Library/Java/JavaVirtualMachines/openjdk-23.0.1/Contents/Home/lib/libosxui.dylib

Deoptimization events (8 events):
Event: 0.306 Thread 0x00007fe9eb008600 Uncommon trap: trap_request=0xffffff45 fr.pc=0x00000001198f0cd8 relative=0x0000000000000298
Event: 0.306 Thread 0x00007fe9eb008600 Uncommon trap: reason=unstable_if action=reinterpret pc=0x00000001198f0cd8 method=java.util.regex.Pattern$BmpCharPropertyGreedy.match(Ljava/util/regex/Matcher;ILjava/lang/CharSequence;)Z @ 12 c2
Event: 0.306 Thread 0x00007fe9eb008600 DEOPT PACKING pc=0x00000001198f0cd8 sp=0x000070000055dfa0
Event: 0.306 Thread 0x00007fe9eb008600 DEOPT UNPACKING pc=0x00000001193aabf9 sp=0x000070000055df58 mode 2
Event: 0.312 Thread 0x00007fe9eb008600 Uncommon trap: trap_request=0xffffff45 fr.pc=0x00000001198f01d0 relative=0x00000000000000b0
Event: 0.312 Thread 0x00007fe9eb008600 Uncommon trap: reason=unstable_if action=reinterpret pc=0x00000001198f01d0 method=java.lang.String.isLatin1()Z @ 10 c2
Event: 0.312 Thread 0x00007fe9eb008600 DEOPT PACKING pc=0x00000001198f01d0 sp=0x000070000055e400
Event: 0.312 Thread 0x00007fe9eb008600 DEOPT UNPACKING pc=0x00000001193aabf9 sp=0x000070000055e360 mode 2

Classes loaded (20 events):
Event: 1.491 Loading class sun/awt/LightweightPeerHolder
Event: 1.491 Loading class sun/awt/LightweightPeerHolder done
Event: 1.491 Loading class sun/awt/NullComponentPeer
Event: 1.491 Loading class java/awt/peer/PanelPeer
Event: 1.491 Loading class java/awt/peer/PanelPeer done
Event: 1.491 Loading class sun/awt/NullComponentPeer done
Event: 1.491 Loading class java/applet/Applet
Event: 1.491 Loading class java/awt/Panel
Event: 1.492 Loading class java/awt/Panel done
Event: 1.492 Loading class java/applet/Applet done
Event: 1.492 Loading class sun/awt/event/IgnorePaintEvent
Event: 1.492 Loading class sun/awt/event/IgnorePaintEvent done
Event: 1.493 Loading class java/awt/SplashScreen
Event: 1.493 Loading class java/awt/SplashScreen done
Event: 1.494 Loading class java/awt/Dialog$ModalityType
Event: 1.494 Loading class java/awt/Dialog$ModalityType done
Event: 1.494 Loading class sun/lwawt/macosx/CImage
Event: 1.494 Loading class sun/lwawt/macosx/CImage done
Event: 1.494 Loading class sun/lwawt/macosx/CImage$Creator
Event: 1.495 Loading class sun/lwawt/macosx/CImage$Creator done

Classes unloaded (0 events):
No events

Classes redefined (0 events):
No events

Internal exceptions (20 events):
Event: 0.398 Thread 0x00007fe9eb008600 Exception <a 'java/lang/ClassNotFoundException'{0x0000000787e7d158}: sun/awt/resources/spi/awtProvider> (0x0000000787e7d158) 
thrown [open/src/hotspot/share/classfile/systemDictionary.cpp, line 313]
Event: 0.451 Thread 0x00007fe9eb008600 Exception <a 'java/io/FileNotFoundException'{0x0000000787d09c88}> (0x0000000787d09c88) 
thrown [open/src/hotspot/share/prims/jni.cpp, line 520]
Event: 0.462 Thread 0x00007fe9eb008600 Exception <a 'java/io/FileNotFoundException'{0x0000000787d37d28}> (0x0000000787d37d28) 
thrown [open/src/hotspot/share/prims/jni.cpp, line 520]
Event: 0.475 Thread 0x00007fe9eb008600 Exception <a 'java/lang/ClassNotFoundException'{0x0000000787d4a788}: sun/awt/resources/spi/awtosxProvider> (0x0000000787d4a788) 
thrown [open/src/hotspot/share/classfile/systemDictionary.cpp, line 313]
Event: 0.916 Thread 0x00007fe9eb008600 Exception <a 'java/lang/NoSuchMethodError'{0x0000000787d8d1b0}: 'void java.lang.invoke.DirectMethodHandle$Holder.invokeSpecial(java.lang.Object, java.lang.Object, java.lang.Object)'> (0x0000000787d8d1b0) 
thrown [open/src/hotspot/share/interpreter/linkResolver.cpp, line 796]
Event: 0.969 Thread 0x00007fe9eb008600 Exception <a 'java/lang/NoSuchMethodError'{0x0000000787c11460}: 'void java.lang.invoke.DirectMethodHandle$Holder.invokeStaticInit(java.lang.Object)'> (0x0000000787c11460) 
thrown [open/src/hotspot/share/interpreter/linkResolver.cpp, line 796]
Event: 1.058 Thread 0x00007fe9eb008600 Exception <a 'java/lang/NoSuchMethodError'{0x0000000787ca57f8}: 'java.lang.Object java.lang.invoke.DirectMethodHandle$Holder.invokeStatic(java.lang.Object, int, java.lang.Object)'> (0x0000000787ca57f8) 
thrown [open/src/hotspot/share/interpreter/linkResolver.cpp, line 796]
Event: 1.068 Thread 0x00007fe9eb008600 Exception <a 'java/lang/ClassNotFoundException'{0x0000000787cd23e0}: com/apple/laf/resources/spi/aquaProvider> (0x0000000787cd23e0) 
thrown [open/src/hotspot/share/classfile/systemDictionary.cpp, line 313]
Event: 1.125 Thread 0x00007fe9eb008600 Exception <a 'java/lang/ClassNotFoundException'{0x0000000787b37ff0}: com/sun/swing/internal/plaf/basic/resources/spi/basicProvider> (0x0000000787b37ff0) 
thrown [open/src/hotspot/share/classfile/systemDictionary.cpp, line 313]
Event: 1.147 Thread 0x00007fe9eb008600 Exception <a 'java/lang/NoSuchMethodError'{0x0000000787b58e38}: 'int java.lang.invoke.Invokers$Holder.invokeExact_MT(java.lang.Object, java.lang.Object)'> (0x0000000787b58e38) 
thrown [open/src/hotspot/share/interpreter/linkResolver.cpp, line 796]
Event: 1.175 Thread 0x00007fe9eb008600 Exception <a 'java/lang/NoSuchMethodError'{0x0000000787b79d30}: 'void java.lang.invoke.Invokers$Holder.invokeExact_MT(java.lang.Object, java.lang.Object, java.lang.Object, java.lang.Object)'> (0x0000000787b79d30) 
thrown [open/src/hotspot/share/interpreter/linkResolver.cpp, line 796]
Event: 1.187 Thread 0x00007fe9eb008600 Exception <a 'java/lang/NoSuchMethodError'{0x0000000787b859d8}: 'java.lang.Object java.lang.invoke.DirectMethodHandle$Holder.newInvokeSpecial(java.lang.Object, java.lang.Object, java.lang.Object, int, java.lang.Object)'> (0x0000000787b859d8) 
thrown [open/src/hotspot/share/interpreter/linkResolver.cpp, line 796]
Event: 1.189 Thread 0x00007fe9eb008600 Exception <a 'java/lang/NoSuchMethodError'{0x0000000787b8d1a0}: 'java.lang.Object java.lang.invoke.Invokers$Holder.linkToTargetMethod(java.lang.Object, java.lang.Object, int, java.lang.Object, java.lang.Object)'> (0x0000000787b8d1a0) 
thrown [open/src/hotspot/share/interpreter/linkResolver.cpp, line 796]
Event: 1.230 Thread 0x00007fe9eb008600 Exception <a 'java/lang/NoSuchMethodError'{0x0000000787b91618}: 'void java.lang.invoke.DirectMethodHandle$Holder.invokeStatic(java.lang.Object, int, long)'> (0x0000000787b91618) 
thrown [open/src/hotspot/share/interpreter/linkResolver.cpp, line 796]
Event: 1.247 Thread 0x00007fe9e90dc000 Exception <a 'java/lang/NoSuchMethodError'{0x0000000787bd8508}: 'void java.lang.invoke.DirectMethodHandle$Holder.invokeStatic(java.lang.Object, long)'> (0x0000000787bd8508) 
thrown [open/src/hotspot/share/interpreter/linkResolver.cpp, line 796]
Event: 1.373 Thread 0x00007fe9eb008600 Exception <a 'java/lang/NoSuchMethodError'{0x0000000787bbba40}: 'java.lang.Object java.lang.invoke.Invokers$Holder.linkToTargetMethod(int, int, int, int, java.lang.Object)'> (0x0000000787bbba40) 
thrown [open/src/hotspot/share/interpreter/linkResolver.cpp, line 796]
Event: 1.376 Thread 0x00007fe9eb008600 Exception <a 'java/lang/NoSuchMethodError'{0x0000000787bbf1b8}: 'void java.lang.invoke.DirectMethodHandle$Holder.invokeStatic(java.lang.Object, java.lang.Object, long)'> (0x0000000787bbf1b8) 
thrown [open/src/hotspot/share/interpreter/linkResolver.cpp, line 796]
Event: 1.497 Thread 0x00007fe9eb008600 Exception <a 'java/lang/NoSuchMethodError'{0x0000000787bd37d8}: 'void java.lang.invoke.DirectMethodHandle$Holder.invokeSpecial(java.lang.Object, java.lang.Object, long)'> (0x0000000787bd37d8) 
thrown [open/src/hotspot/share/interpreter/linkResolver.cpp, line 796]
Event: 1.499 Thread 0x00007fe9eb008600 Exception <a 'java/lang/NoSuchMethodError'{0x0000000787a01e30}: 'void java.lang.invoke.DirectMethodHandle$Holder.invokeStatic(java.lang.Object, long, long)'> (0x0000000787a01e30) 
thrown [open/src/hotspot/share/interpreter/linkResolver.cpp, line 796]
Event: 1.499 Thread 0x00007fe9eb008600 Exception <a 'java/lang/NoSuchMethodError'{0x0000000787a06cc0}: 'java.lang.Object java.lang.invoke.DirectMethodHandle$Holder.newInvokeSpecial(java.lang.Object, long)'> (0x0000000787a06cc0) 
thrown [open/src/hotspot/share/interpreter/linkResolver.cpp, line 796]

VM Operations (6 events):
Event: 0.363 Executing VM operation: HandshakeAllThreads (Deoptimize)
Event: 0.363 Executing VM operation: HandshakeAllThreads (Deoptimize) done
Event: 0.468 Executing VM operation: HandshakeAllThreads (Deoptimize)
Event: 0.468 Executing VM operation: HandshakeAllThreads (Deoptimize) done
Event: 0.474 Executing VM operation: HandshakeAllThreads (Deoptimize)
Event: 0.474 Executing VM operation: HandshakeAllThreads (Deoptimize) done

Memory protections (15 events):
Event: 0.010 Protecting memory [0x000070000045f000,0x0000700000463000] with protection modes 0
Event: 0.199 Protecting memory [0x0000700000d7d000,0x0000700000d81000] with protection modes 0
Event: 0.200 Protecting memory [0x0000700000e80000,0x0000700000e84000] with protection modes 0
Event: 0.200 Protecting memory [0x0000700000f83000,0x0000700000f87000] with protection modes 0
Event: 0.200 Protecting memory [0x0000700001086000,0x000070000108a000] with protection modes 0
Event: 0.200 Protecting memory [0x0000700001189000,0x000070000118d000] with protection modes 0
Event: 0.200 Protecting memory [0x000070000128c000,0x0000700001290000] with protection modes 0
Event: 0.200 Protecting memory [0x000070000138f000,0x0000700001393000] with protection modes 0
Event: 0.213 Protecting memory [0x0000700001492000,0x0000700001496000] with protection modes 0
Event: 0.215 Protecting memory [0x0000700001595000,0x0000700001599000] with protection modes 0
Event: 0.497 Protecting memory [0x00007ffee9488000,0x00007ffee948c000] with protection modes 0
Event: 0.626 Protecting memory [0x000070000179e000,0x00007000017a2000] with protection modes 0
Event: 0.868 Protecting memory [0x00007000019a7000,0x00007000019ab000] with protection modes 0
Event: 0.874 Protecting memory [0x0000700001aaa000,0x0000700001aae000] with protection modes 0
Event: 1.244 Protecting memory [0x0000700001bad000,0x0000700001bb1000] with protection modes 0

Nmethod flushes (0 events):
No events

Events (15 events):
Event: 0.160 Thread 0x00007fe9eb008600 Thread added: 0x00007fe9eb008600
Event: 0.199 Thread 0x00007fe9eb008600 Thread added: 0x00007fe9e981d600
Event: 0.200 Thread 0x00007fe9eb008600 Thread added: 0x00007fe9e981de00
Event: 0.200 Thread 0x00007fe9eb008600 Thread added: 0x00007fe9e981e600
Event: 0.200 Thread 0x00007fe9eb008600 Thread added: 0x00007fe9e981ee00
Event: 0.200 Thread 0x00007fe9eb008600 Thread added: 0x00007fe9e981f600
Event: 0.200 Thread 0x00007fe9eb008600 Thread added: 0x00007fe9e9822000
Event: 0.200 Thread 0x00007fe9eb008600 Thread added: 0x00007fe9e9822800
Event: 0.213 Thread 0x00007fe9eb008600 Thread added: 0x00007fe9e9853000
Event: 0.215 Thread 0x00007fe9eb008600 Thread added: 0x00007fe9e9853800
Event: 0.497 Thread 0x00007fe9e991b000 Thread added: 0x00007fe9e991b000
Event: 0.625 Thread 0x00007fe9e991b000 Thread added: 0x00007fe9e991cc00
Event: 0.868 Thread 0x00007fe9eb008600 Thread added: 0x00007fe9e90cda00
Event: 0.874 Thread 0x00007fe9eb008600 Thread added: 0x00007fe9e90dc800
Event: 1.244 Thread 0x00007fe9eb008600 Thread added: 0x00007fe9e90dc000


Dynamic libraries:
0x0000000105f8d000 	/Users/oumou/Library/Java/JavaVirtualMachines/openjdk-23.0.1/Contents/Home/lib/libjli.dylib
0x00007fff2a7d8000 	/usr/lib/libz.1.dylib
0x00007fff33431000 	/System/Library/Frameworks/ApplicationServices.framework/Versions/A/ApplicationServices
0x00007fff3522e000 	/System/Library/Frameworks/Cocoa.framework/Versions/A/Cocoa
0x00007fff22554000 	/System/Library/Frameworks/Security.framework/Versions/A/Security
0x00007fff2a8a0000 	/usr/lib/libSystem.B.dylib
0x00007fff2073b000 	/System/Library/Frameworks/CoreFoundation.framework/Versions/A/CoreFoundation
0x00007fff214ec000 	/System/Library/Frameworks/Foundation.framework/Versions/C/Foundation
0x00007fff2055b000 	/usr/lib/libobjc.A.dylib
0x00007fff2a89a000 	/usr/lib/system/libcache.dylib
0x00007fff2a856000 	/usr/lib/system/libcommonCrypto.dylib
0x00007fff2a880000 	/usr/lib/system/libcompiler_rt.dylib
0x00007fff2a875000 	/usr/lib/system/libcopyfile.dylib
0x00007fff2044b000 	/usr/lib/system/libcorecrypto.dylib
0x00007fff20516000 	/usr/lib/system/libdispatch.dylib
0x00007fff206c9000 	/usr/lib/system/libdyld.dylib
0x00007fff2a891000 	/usr/lib/system/libkeymgr.dylib
0x00007fff2dca8000 	/usr/lib/system/liblaunch.dylib
0x00007fff2a834000 	/usr/lib/system/libmacho.dylib
0x00007fff2a02c000 	/usr/lib/system/libquarantine.dylib
0x00007fff2a88e000 	/usr/lib/system/libremovefile.dylib
0x00007fff24f2f000 	/usr/lib/system/libsystem_asl.dylib
0x00007fff203fb000 	/usr/lib/system/libsystem_blocks.dylib
0x00007fff20598000 	/usr/lib/system/libsystem_c.dylib
0x00007fff2a888000 	/usr/lib/system/libsystem_collections.dylib
0x00007fff29332000 	/usr/lib/system/libsystem_configuration.dylib
0x00007fff2861d000 	/usr/lib/system/libsystem_containermanager.dylib
0x00007fff2a5d7000 	/usr/lib/system/libsystem_coreservices.dylib
0x00007fff22b0c000 	/usr/lib/system/libsystem_darwin.dylib
0x00007fff2a892000 	/usr/lib/system/libsystem_dnssd.dylib
0x00007fff20595000 	/usr/lib/system/libsystem_featureflags.dylib
0x00007fff2070f000 	/usr/lib/system/libsystem_info.dylib
0x00007fff2a7eb000 	/usr/lib/system/libsystem_m.dylib
0x00007fff204e9000 	/usr/lib/system/libsystem_malloc.dylib
0x00007fff24ec2000 	/usr/lib/system/libsystem_networkextension.dylib
0x00007fff22f2b000 	/usr/lib/system/libsystem_notify.dylib
0x00007fff30144000 	/usr/lib/system/libsystem_product_info_filter.dylib
0x00007fff29336000 	/usr/lib/system/libsystem_sandbox.dylib
0x00007fff2a88b000 	/usr/lib/system/libsystem_secinit.dylib
0x00007fff2068d000 	/usr/lib/system/libsystem_kernel.dylib
0x00007fff20705000 	/usr/lib/system/libsystem_platform.dylib
0x00007fff206bd000 	/usr/lib/system/libsystem_pthread.dylib
0x00007fff2660e000 	/usr/lib/system/libsystem_symptoms.dylib
0x00007fff20433000 	/usr/lib/system/libsystem_trace.dylib
0x00007fff2a862000 	/usr/lib/system/libunwind.dylib
0x00007fff203fd000 	/usr/lib/system/libxpc.dylib
0x00007fff20677000 	/usr/lib/libc++abi.dylib
0x00007fff2a86d000 	/usr/lib/liboah.dylib
0x00007fff20621000 	/usr/lib/libc++.1.dylib
0x00007fff252c5000 	/System/Library/Frameworks/CoreGraphics.framework/Versions/A/CoreGraphics
0x00007fff21cdc000 	/System/Library/Frameworks/CoreText.framework/Versions/A/CoreText
0x00007fff28d11000 	/System/Library/Frameworks/ImageIO.framework/Versions/A/ImageIO
0x00007fff2594f000 	/System/Library/Frameworks/ColorSync.framework/Versions/A/ColorSync
0x00007fff2d0cf000 	/System/Library/Frameworks/ApplicationServices.framework/Versions/A/Frameworks/ATS.framework/Versions/A/ATS
0x00007fff2d3e2000 	/System/Library/Frameworks/ApplicationServices.framework/Versions/A/Frameworks/ColorSyncLegacy.framework/Versions/A/ColorSyncLegacy
0x00007fff30242000 	/System/Library/Frameworks/CoreServices.framework/Versions/A/CoreServices
0x00007fff25a47000 	/System/Library/Frameworks/ApplicationServices.framework/Versions/A/Frameworks/HIServices.framework/Versions/A/HIServices
0x00007fff2d3c7000 	/System/Library/Frameworks/ApplicationServices.framework/Versions/A/Frameworks/LangAnalysis.framework/Versions/A/LangAnalysis
0x00007fff2c07a000 	/System/Library/Frameworks/ApplicationServices.framework/Versions/A/Frameworks/PrintCore.framework/Versions/A/PrintCore
0x00007fff2d3ea000 	/System/Library/Frameworks/ApplicationServices.framework/Versions/A/Frameworks/QD.framework/Versions/A/QD
0x00007fff2d0bf000 	/System/Library/Frameworks/ApplicationServices.framework/Versions/A/Frameworks/SpeechSynthesis.framework/Versions/A/SpeechSynthesis
0x00007fff24f5f000 	/System/Library/PrivateFrameworks/SkyLight.framework/Versions/A/SkyLight
0x00007fff28876000 	/System/Library/PrivateFrameworks/FontServices.framework/libFontParser.dylib
0x00007fff303fe000 	/System/Library/Frameworks/Accelerate.framework/Versions/A/Accelerate
0x00007fff2862e000 	/System/Library/Frameworks/IOSurface.framework/Versions/A/IOSurface
0x00007fff27532000 	/usr/lib/libxml2.2.dylib
0x00007fff24a24000 	/System/Library/Frameworks/CFNetwork.framework/Versions/A/CFNetwork
0x00007fff26549000 	/System/Library/PrivateFrameworks/RunningBoardServices.framework/Versions/A/RunningBoardServices
0x00007fff24ed2000 	/usr/lib/libMobileGestalt.dylib
0x00007fff2bd96000 	/System/Library/PrivateFrameworks/WatchdogClient.framework/Versions/A/WatchdogClient
0x00007fff2ab18000 	/usr/lib/libcompression.dylib
0x00007fff267d2000 	/usr/lib/libDiagnosticMessagesClient.dylib
0x00007fff21200000 	/System/Library/Frameworks/SystemConfiguration.framework/Versions/A/SystemConfiguration
0x00007fff21934000 	/System/Library/Frameworks/CoreDisplay.framework/Versions/A/CoreDisplay
0x00007fff2878b000 	/System/Library/Frameworks/CoreMedia.framework/Versions/A/CoreMedia
0x00007fff28640000 	/System/Library/PrivateFrameworks/IOAccelerator.framework/Versions/A/IOAccelerator
0x00007fff22e7c000 	/System/Library/Frameworks/IOKit.framework/Versions/A/IOKit
0x00007fff2864a000 	/System/Library/Frameworks/Metal.framework/Versions/A/Metal
0x00007fff27615000 	/System/Library/Frameworks/CoreVideo.framework/Versions/A/CoreVideo
0x00007fff2ab10000 	/System/Library/Frameworks/MetalPerformanceShaders.framework/Versions/A/MetalPerformanceShaders
0x00007fff2bd9a000 	/System/Library/PrivateFrameworks/MultitouchSupport.framework/Versions/A/MultitouchSupport
0x00007fff26f2c000 	/System/Library/Frameworks/QuartzCore.framework/Versions/A/QuartzCore
0x00007fff2a053000 	/usr/lib/libbsm.0.dylib
0x00007fff2a8a6000 	/System/Library/PrivateFrameworks/SoftLinking.framework/Versions/A/SoftLinking
0x00007fff267a2000 	/System/Library/PrivateFrameworks/CoreAnalytics.framework/Versions/A/CoreAnalytics
0x00007fff2bdd1000 	/System/Library/Frameworks/VideoToolbox.framework/Versions/A/VideoToolbox
0x00007fff264c9000 	/System/Library/PrivateFrameworks/BaseBoard.framework/Versions/A/BaseBoard
0x00007fff274b5000 	/System/Library/Frameworks/CoreServices.framework/Versions/A/Frameworks/FSEvents.framework/Versions/A/FSEvents
0x00007fff22b16000 	/System/Library/Frameworks/CoreServices.framework/Versions/A/Frameworks/CarbonCore.framework/Versions/A/CarbonCore
0x00007fff26822000 	/System/Library/Frameworks/CoreServices.framework/Versions/A/Frameworks/Metadata.framework/Versions/A/Metadata
0x00007fff2a5dc000 	/System/Library/Frameworks/CoreServices.framework/Versions/A/Frameworks/OSServices.framework/Versions/A/OSServices
0x00007fff2aa54000 	/System/Library/Frameworks/CoreServices.framework/Versions/A/Frameworks/SearchKit.framework/Versions/A/SearchKit
0x00007fff26592000 	/System/Library/Frameworks/CoreServices.framework/Versions/A/Frameworks/AE.framework/Versions/A/AE
0x00007fff20bd9000 	/System/Library/Frameworks/CoreServices.framework/Versions/A/Frameworks/LaunchServices.framework/Versions/A/LaunchServices
0x00007fff2aedc000 	/System/Library/Frameworks/CoreServices.framework/Versions/A/Frameworks/DictionaryServices.framework/Versions/A/DictionaryServices
0x00007fff274c2000 	/System/Library/Frameworks/CoreServices.framework/Versions/A/Frameworks/SharedFileList.framework/Versions/A/SharedFileList
0x00007fff2aae1000 	/usr/lib/libapple_nghttp2.dylib
0x00007fff228ac000 	/usr/lib/libicucore.A.dylib
0x00007fff2439d000 	/usr/lib/libnetwork.dylib
0x00007fff2627f000 	/usr/lib/libsqlite3.dylib
0x00007fff2a8a2000 	/usr/lib/libfakelink.dylib
0x00007fff24ed1000 	/usr/lib/libenergytrace.dylib
0x00007fff2a83a000 	/usr/lib/system/libkxld.dylib
0x00007fff2a5ba000 	/System/Library/PrivateFrameworks/AppleFSCompression.framework/Versions/A/AppleFSCompression
0x00007fff2a03b000 	/usr/lib/libcoretls.dylib
0x00007fff2af45000 	/usr/lib/libcoretls_cfhelpers.dylib
0x00007fff2ab12000 	/usr/lib/libpam.2.dylib
0x00007fff2b043000 	/usr/lib/libxar.1.dylib
0x00007fff274ea000 	/System/Library/PrivateFrameworks/CoreAutoLayout.framework/Versions/A/CoreAutoLayout
0x00007fff268bd000 	/System/Library/Frameworks/DiskArbitration.framework/Versions/A/DiskArbitration
0x00007fff2a9e2000 	/usr/lib/libarchive.2.dylib
0x00007fff29341000 	/usr/lib/liblangid.dylib
0x00007fff2127e000 	/usr/lib/libCRFSuite.dylib
0x00007fff2a8a7000 	/usr/lib/libpcap.A.dylib
0x00007fff26607000 	/usr/lib/libdns_services.dylib
0x00007fff2af2c000 	/usr/lib/liblzma.5.dylib
0x00007fff2a5ca000 	/usr/lib/libbz2.1.0.dylib
0x00007fff2a8df000 	/usr/lib/libiconv.2.dylib
0x00007fff2a833000 	/usr/lib/libcharset.1.dylib
0x00007fff2933d000 	/System/Library/PrivateFrameworks/AppleSystemInfo.framework/Versions/A/AppleSystemInfo
0x00007fff29c7d000 	/System/Library/PrivateFrameworks/IOMobileFramebuffer.framework/Versions/A/IOMobileFramebuffer
0x00007fff2a02f000 	/usr/lib/libCheckFix.dylib
0x00007fff24f46000 	/System/Library/PrivateFrameworks/TCC.framework/Versions/A/TCC
0x00007fff29343000 	/System/Library/PrivateFrameworks/CoreNLP.framework/Versions/A/CoreNLP
0x00007fff267d5000 	/System/Library/PrivateFrameworks/MetadataUtilities.framework/Versions/A/MetadataUtilities
0x00007fff212b3000 	/usr/lib/libmecabra.dylib
0x00007fff2a339000 	/System/Library/Frameworks/MLCompute.framework/Versions/A/MLCompute
0x00007fff2a064000 	/usr/lib/libmecab.dylib
0x00007fff2a0ae000 	/usr/lib/libgermantok.dylib
0x00007fff2aabc000 	/usr/lib/libThaiTokenizer.dylib
0x00007fff2b07f000 	/usr/lib/libChineseTokenizer.dylib
0x00007fff268c4000 	/System/Library/Frameworks/Accelerate.framework/Versions/A/Frameworks/vImage.framework/Versions/A/vImage
0x00007fff3021c000 	/System/Library/Frameworks/Accelerate.framework/Versions/A/Frameworks/vecLib.framework/Versions/A/vecLib
0x00007fff2b08a000 	/System/Library/Frameworks/Accelerate.framework/Versions/A/Frameworks/vecLib.framework/Versions/A/libvMisc.dylib
0x00007fff29a98000 	/System/Library/Frameworks/Accelerate.framework/Versions/A/Frameworks/vecLib.framework/Versions/A/libvDSP.dylib
0x00007fff20ee6000 	/System/Library/Frameworks/Accelerate.framework/Versions/A/Frameworks/vecLib.framework/Versions/A/libBLAS.dylib
0x00007fff2ab3e000 	/System/Library/Frameworks/Accelerate.framework/Versions/A/Frameworks/vecLib.framework/Versions/A/libLAPACK.dylib
0x00007fff2a0b4000 	/System/Library/Frameworks/Accelerate.framework/Versions/A/Frameworks/vecLib.framework/Versions/A/libLinearAlgebra.dylib
0x00007fff2aaf9000 	/System/Library/Frameworks/Accelerate.framework/Versions/A/Frameworks/vecLib.framework/Versions/A/libSparseBLAS.dylib
0x00007fff2ab38000 	/System/Library/Frameworks/Accelerate.framework/Versions/A/Frameworks/vecLib.framework/Versions/A/libQuadrature.dylib
0x00007fff293ef000 	/System/Library/Frameworks/Accelerate.framework/Versions/A/Frameworks/vecLib.framework/Versions/A/libBNNS.dylib
0x00007fff21191000 	/System/Library/Frameworks/Accelerate.framework/Versions/A/Frameworks/vecLib.framework/Versions/A/libSparse.dylib
0x00007fff292cb000 	/System/Library/Frameworks/MetalPerformanceShaders.framework/Versions/A/Frameworks/MPSCore.framework/Versions/A/MPSCore
0x00007fff2a529000 	/System/Library/Frameworks/MetalPerformanceShaders.framework/Versions/A/Frameworks/MPSImage.framework/Versions/A/MPSImage
0x00007fff2a0ca000 	/System/Library/Frameworks/MetalPerformanceShaders.framework/Versions/A/Frameworks/MPSNeuralNetwork.framework/Versions/A/MPSNeuralNetwork
0x00007fff2a49b000 	/System/Library/Frameworks/MetalPerformanceShaders.framework/Versions/A/Frameworks/MPSMatrix.framework/Versions/A/MPSMatrix
0x00007fff2a2e9000 	/System/Library/Frameworks/MetalPerformanceShaders.framework/Versions/A/Frameworks/MPSRayIntersector.framework/Versions/A/MPSRayIntersector
0x00007fff2a4d2000 	/System/Library/Frameworks/MetalPerformanceShaders.framework/Versions/A/Frameworks/MPSNDArray.framework/Versions/A/MPSNDArray
0x00007fff20e11000 	/System/Library/PrivateFrameworks/MetalTools.framework/Versions/A/MetalTools
0x00007fff2933b000 	/System/Library/PrivateFrameworks/AggregateDictionary.framework/Versions/A/AggregateDictionary
0x00007fff2aabe000 	/System/Library/PrivateFrameworks/AppleSauce.framework/Versions/A/AppleSauce
0x00007fff6bbcf000 	/System/Library/Frameworks/OpenGL.framework/Versions/A/Libraries/libCoreFSCache.dylib
0x00007fff2184b000 	/System/Library/PrivateFrameworks/LanguageModeling.framework/Versions/A/LanguageModeling
0x00007fff29c6b000 	/System/Library/PrivateFrameworks/CoreEmoji.framework/Versions/A/CoreEmoji
0x00007fff293e8000 	/System/Library/PrivateFrameworks/LinguisticData.framework/Versions/A/LinguisticData
0x00007fff21143000 	/System/Library/PrivateFrameworks/Lexicon.framework/Versions/A/Lexicon
0x00007fff2a9d0000 	/usr/lib/libcmph.dylib
0x00007fff27495000 	/System/Library/Frameworks/OpenDirectory.framework/Versions/A/Frameworks/CFOpenDirectory.framework/Versions/A/CFOpenDirectory
0x00007fff27485000 	/System/Library/Frameworks/OpenDirectory.framework/Versions/A/OpenDirectory
0x00007fff2af47000 	/System/Library/PrivateFrameworks/APFS.framework/Versions/A/APFS
0x00007fff29f91000 	/System/Library/Frameworks/SecurityFoundation.framework/Versions/A/SecurityFoundation
0x00007fff2b052000 	/usr/lib/libutil.dylib
0x00007fff274e7000 	/usr/lib/libapp_launch_measurement.dylib
0x00007fff22e41000 	/System/Library/PrivateFrameworks/CoreServicesStore.framework/Versions/A/CoreServicesStore
0x00007fff2a027000 	/System/Library/Frameworks/ServiceManagement.framework/Versions/A/ServiceManagement
0x00007fff2b056000 	/usr/lib/libxslt.1.dylib
0x00007fff2a01d000 	/System/Library/PrivateFrameworks/BackgroundTaskManagement.framework/Versions/A/BackgroundTaskManagement
0x00007fff2b516000 	/System/Library/PrivateFrameworks/PersistentConnection.framework/Versions/A/PersistentConnection
0x00007fff26269000 	/System/Library/PrivateFrameworks/ProtocolBuffer.framework/Versions/A/ProtocolBuffer
0x00007fff264b1000 	/System/Library/PrivateFrameworks/CommonUtilities.framework/Versions/A/CommonUtilities
0x00007fff2bc2f000 	/System/Library/PrivateFrameworks/Bom.framework/Versions/A/Bom
0x00007fff2b148000 	/usr/lib/libate.dylib
0x00007fff2c00c000 	/System/Library/Frameworks/ImageIO.framework/Versions/A/Resources/libRadiance.dylib
0x00007fff2c016000 	/System/Library/Frameworks/ImageIO.framework/Versions/A/Resources/libJPEG.dylib
0x00007fff2bf64000 	/System/Library/Frameworks/ImageIO.framework/Versions/A/Resources/libPng.dylib
0x00007fff2bf85000 	/System/Library/Frameworks/ImageIO.framework/Versions/A/Resources/libTIFF.dylib
0x00007fff2c06b000 	/System/Library/Frameworks/ImageIO.framework/Versions/A/Resources/libGIF.dylib
0x00007fff2bcb6000 	/System/Library/Frameworks/ImageIO.framework/Versions/A/Resources/libJP2.dylib
0x00007fff2b3d1000 	/usr/lib/libexpat.1.dylib
0x00007fff2bc6c000 	/System/Library/PrivateFrameworks/AppleJPEG.framework/Versions/A/AppleJPEG
0x00007fff2c004000 	/System/Library/PrivateFrameworks/GPUWrangler.framework/Versions/A/GPUWrangler
0x00007fff2bfe7000 	/System/Library/PrivateFrameworks/IOPresentment.framework/Versions/A/IOPresentment
0x00007fff2c010000 	/System/Library/PrivateFrameworks/DSExternalDisplay.framework/Versions/A/DSExternalDisplay
0x00007fff2c070000 	/System/Library/PrivateFrameworks/CMCaptureCore.framework/Versions/A/CMCaptureCore
0x00007fff2b9cc000 	/usr/lib/libspindump.dylib
0x00007fff21ec2000 	/System/Library/Frameworks/CoreAudio.framework/Versions/A/CoreAudio
0x00007fff2b9b2000 	/System/Library/PrivateFrameworks/AppServerSupport.framework/Versions/A/AppServerSupport
0x00007fff2da4b000 	/System/Library/PrivateFrameworks/perfdata.framework/Versions/A/perfdata
0x00007fff29f80000 	/System/Library/PrivateFrameworks/AssertionServices.framework/Versions/A/AssertionServices
0x00007fff21a6b000 	/System/Library/PrivateFrameworks/AudioToolboxCore.framework/Versions/A/AudioToolboxCore
0x00007fff2876e000 	/System/Library/PrivateFrameworks/caulk.framework/Versions/A/caulk
0x00007fff3cf10000 	/System/Library/PrivateFrameworks/SystemPolicy.framework/Versions/A/SystemPolicy
0x00007fff2b1e0000 	/usr/lib/libIOReport.dylib
0x00007fff2d287000 	/usr/lib/libSMC.dylib
0x00007fff2bf30000 	/usr/lib/libAudioToolboxUtility.dylib
0x00007fff3d86d000 	/usr/lib/libmis.dylib
0x00007fff6bbdb000 	/System/Library/Frameworks/OpenGL.framework/Versions/A/OpenGL
0x00007fff6bc2b000 	/System/Library/Frameworks/OpenGL.framework/Versions/A/Libraries/libGLU.dylib
0x00007fff6bbee000 	/System/Library/Frameworks/OpenGL.framework/Versions/A/Libraries/libGFXShared.dylib
0x00007fff6bdfc000 	/System/Library/Frameworks/OpenGL.framework/Versions/A/Libraries/libGL.dylib
0x00007fff6bbf7000 	/System/Library/Frameworks/OpenGL.framework/Versions/A/Libraries/libGLImage.dylib
0x00007fff6bbeb000 	/System/Library/Frameworks/OpenGL.framework/Versions/A/Libraries/libCVMSPluginSupport.dylib
0x00007fff6bbd6000 	/System/Library/Frameworks/OpenGL.framework/Versions/A/Libraries/libCoreVMClient.dylib
0x00007fff28f4f000 	/System/Library/Frameworks/CoreImage.framework/Versions/A/CoreImage
0x00007fff6d246000 	/System/Library/Frameworks/OpenCL.framework/Versions/A/OpenCL
0x00007fff2b53f000 	/System/Library/PrivateFrameworks/GraphVisualizer.framework/Versions/A/GraphVisualizer
0x00007fff2b54e000 	/System/Library/PrivateFrameworks/FaceCore.framework/Versions/A/FaceCore
0x00007fff2b96a000 	/System/Library/PrivateFrameworks/OTSVG.framework/Versions/A/OTSVG
0x00007fff2720a000 	/System/Library/Frameworks/ApplicationServices.framework/Versions/A/Frameworks/ATS.framework/Versions/A/Resources/libFontRegistry.dylib
0x00007fff2b9b9000 	/System/Library/PrivateFrameworks/FontServices.framework/libhvf.dylib
0x00007fff2b37d000 	/System/Library/PrivateFrameworks/AppleVA.framework/Versions/A/AppleVA
0x00007fff2c03b000 	/System/Library/Frameworks/ApplicationServices.framework/Versions/A/Frameworks/ATSUI.framework/Versions/A/ATSUI
0x00007fff2d367000 	/usr/lib/libcups.2.dylib
0x00007fff2d3d7000 	/System/Library/PrivateFrameworks/NetAuth.framework/Versions/A/NetAuth
0x00007fff2da66000 	/System/Library/Frameworks/Kerberos.framework/Versions/A/Kerberos
0x00007fff2da76000 	/System/Library/Frameworks/GSS.framework/Versions/A/GSS
0x00007fff2d13c000 	/usr/lib/libresolv.9.dylib
0x00007fff2b9cf000 	/System/Library/PrivateFrameworks/Heimdal.framework/Versions/A/Heimdal
0x00007fff33746000 	/System/Library/Frameworks/Kerberos.framework/Versions/A/Libraries/libHeimdalProxy.dylib
0x00007fff26616000 	/System/Library/Frameworks/Network.framework/Versions/A/Network
0x00007fff2b3eb000 	/usr/lib/libheimdal-asn1.dylib
0x00007fff2dac7000 	/System/Library/PrivateFrameworks/CommonAuth.framework/Versions/A/CommonAuth
0x00007fff27663000 	/System/Library/PrivateFrameworks/login.framework/Versions/A/Frameworks/loginsupport.framework/Versions/A/loginsupport
0x00007fff2cf11000 	/System/Library/Frameworks/AudioToolbox.framework/Versions/A/AudioToolbox
0x00007fff2d046000 	/System/Library/PrivateFrameworks/AudioSession.framework/Versions/A/AudioSession
0x00007fff2d0ac000 	/usr/lib/libAudioStatistics.dylib
0x00007fff2b477000 	/System/Library/PrivateFrameworks/MediaExperience.framework/Versions/A/MediaExperience
0x00007fff2cedf000 	/System/Library/PrivateFrameworks/AudioSession.framework/libSessionUtility.dylib
0x00007fff2da57000 	/usr/lib/libperfcheck.dylib
0x00007fff2d3f6000 	/System/Library/PrivateFrameworks/AudioResourceArbitration.framework/Versions/A/AudioResourceArbitration
0x00007fff25e49000 	/System/Library/Frameworks/CoreData.framework/Versions/A/CoreData
0x00007fff22f85000 	/System/Library/Frameworks/AppKit.framework/Versions/C/AppKit
0x00007fff23cd1000 	/System/Library/PrivateFrameworks/UIFoundation.framework/Versions/A/UIFoundation
0x00007fff2fed7000 	/System/Library/PrivateFrameworks/RemoteViewServices.framework/Versions/A/RemoteViewServices
0x00007fff28ce3000 	/System/Library/PrivateFrameworks/XCTTargetBootstrap.framework/Versions/A/XCTTargetBootstrap
0x00007fff23f20000 	/System/Library/Frameworks/UniformTypeIdentifiers.framework/Versions/A/UniformTypeIdentifiers
0x00007fff28ce7000 	/System/Library/PrivateFrameworks/CoreSVG.framework/Versions/A/CoreSVG
0x00007fff2b40a000 	/System/Library/PrivateFrameworks/IconServices.framework/Versions/A/IconServices
0x00007fff28ccf000 	/System/Library/PrivateFrameworks/DFRFoundation.framework/Versions/A/DFRFoundation
0x00007fff2c199000 	/System/Library/PrivateFrameworks/DataDetectorsCore.framework/Versions/A/DataDetectorsCore
0x00007fff289d3000 	/System/Library/Frameworks/Carbon.framework/Versions/A/Frameworks/HIToolbox.framework/Versions/A/HIToolbox
0x00007fff2ff0f000 	/System/Library/Frameworks/Carbon.framework/Versions/A/Frameworks/SpeechRecognition.framework/Versions/A/SpeechRecognition
0x00007fff2724c000 	/System/Library/PrivateFrameworks/CoreUI.framework/Versions/A/CoreUI
0x00007fff2c190000 	/System/Library/PrivateFrameworks/InternationalSupport.framework/Versions/A/InternationalSupport
0x00007fff27479000 	/System/Library/PrivateFrameworks/PerformanceAnalysis.framework/Versions/A/PerformanceAnalysis
0x00007fff2c214000 	/System/Library/PrivateFrameworks/UserActivity.framework/Versions/A/UserActivity
0x00007fff2c0c2000 	/System/Library/PrivateFrameworks/TextureIO.framework/Versions/A/TextureIO
0x00007fff2b3f5000 	/System/Library/PrivateFrameworks/IconFoundation.framework/Versions/A/IconFoundation
0x00007fff2feff000 	/System/Library/PrivateFrameworks/SpeechRecognitionCore.framework/Versions/A/SpeechRecognitionCore
0x0000000106539000 	/Users/oumou/Library/Java/JavaVirtualMachines/openjdk-23.0.1/Contents/Home/lib/server/libjvm.dylib
0x0000000105fbe000 	/Users/oumou/Library/Java/JavaVirtualMachines/openjdk-23.0.1/Contents/Home/lib/libjimage.dylib
0x000000010601c000 	/Users/oumou/Library/Java/JavaVirtualMachines/openjdk-23.0.1/Contents/Home/lib/libjava.dylib
0x0000000106284000 	/Users/oumou/Library/Java/JavaVirtualMachines/openjdk-23.0.1/Contents/Home/lib/libnio.dylib
0x00000001062a4000 	/Users/oumou/Library/Java/JavaVirtualMachines/openjdk-23.0.1/Contents/Home/lib/libnet.dylib
0x00000001062bc000 	/Users/oumou/Library/Java/JavaVirtualMachines/openjdk-23.0.1/Contents/Home/lib/libawt.dylib
0x00007fff6eb8f000 	/System/Library/Frameworks/JavaRuntimeSupport.framework/Versions/A/JavaRuntimeSupport
0x00007fff3cc5a000 	/System/Library/Frameworks/Carbon.framework/Versions/A/Carbon
0x00007fff31d71000 	/System/Library/PrivateFrameworks/CoreSymbolication.framework/Versions/A/CoreSymbolication
0x00007fff366f6000 	/System/Library/Frameworks/Carbon.framework/Versions/A/Frameworks/CommonPanels.framework/Versions/A/CommonPanels
0x00007fff331c8000 	/System/Library/Frameworks/Carbon.framework/Versions/A/Frameworks/Help.framework/Versions/A/Help
0x00007fff366fa000 	/System/Library/Frameworks/Carbon.framework/Versions/A/Frameworks/ImageCapture.framework/Versions/A/ImageCapture
0x00007fff366ca000 	/System/Library/Frameworks/Carbon.framework/Versions/A/Frameworks/OpenScripting.framework/Versions/A/OpenScripting
0x00007fff366f2000 	/System/Library/Frameworks/Carbon.framework/Versions/A/Frameworks/Ink.framework/Versions/A/Ink
0x00007fff3cc56000 	/System/Library/Frameworks/Carbon.framework/Versions/A/Frameworks/Print.framework/Versions/A/Print
0x00007fff366ee000 	/System/Library/Frameworks/Carbon.framework/Versions/A/Frameworks/SecurityHI.framework/Versions/A/SecurityHI
0x00007fff31d35000 	/System/Library/PrivateFrameworks/DebugSymbols.framework/Versions/A/DebugSymbols
0x0000000125620000 	/Users/oumou/Library/Java/JavaVirtualMachines/openjdk-23.0.1/Contents/Home/lib/libawt_lwawt.dylib
0x0000000106380000 	/Users/oumou/Library/Java/JavaVirtualMachines/openjdk-23.0.1/Contents/Home/lib/libosxapp.dylib
0x00007fff3c271000 	/System/Library/Frameworks/ExceptionHandling.framework/Versions/A/ExceptionHandling
0x0000000125754000 	/Users/oumou/Library/Java/JavaVirtualMachines/openjdk-23.0.1/Contents/Home/lib/libfontmanager.dylib
0x0000000125894000 	/Users/oumou/Library/Java/JavaVirtualMachines/openjdk-23.0.1/Contents/Home/lib/libfreetype.dylib
0x00007fff22e02000 	/System/Library/PrivateFrameworks/CoreServicesInternal.framework/Versions/A/CoreServicesInternal
0x00007fff31287000 	/System/Library/Frameworks/FileProvider.framework/Versions/A/FileProvider
0x00007fff26434000 	/System/Library/Frameworks/Accounts.framework/Versions/A/Accounts
0x00007fff313d7000 	/System/Library/PrivateFrameworks/GenerationalStorage.framework/Versions/A/GenerationalStorage
0x00007fff30ca7000 	/System/Library/PrivateFrameworks/SymptomDiagnosticReporter.framework/Versions/A/SymptomDiagnosticReporter
0x00007fff23f33000 	/System/Library/PrivateFrameworks/DesktopServicesPriv.framework/Versions/A/DesktopServicesPriv
0x00007fff22f37000 	/usr/lib/libsandbox.1.dylib
0x00007fff2768e000 	/System/Library/PrivateFrameworks/UserManagement.framework/Versions/A/UserManagement
0x00007fff29f5d000 	/System/Library/PrivateFrameworks/MobileKeyBag.framework/Versions/A/MobileKeyBag
0x00007fff347ca000 	/System/Library/PrivateFrameworks/ChunkingLibrary.framework/Versions/A/ChunkingLibrary
0x00007fff2e48f000 	/System/Library/PrivateFrameworks/Sharing.framework/Versions/A/Sharing
0x00007fff32d35000 	/System/Library/PrivateFrameworks/Apple80211.framework/Versions/A/Apple80211
0x00007fff2a60a000 	/System/Library/PrivateFrameworks/AuthKit.framework/Versions/A/AuthKit
0x00007fff29d5b000 	/System/Library/PrivateFrameworks/CoreUtils.framework/Versions/A/CoreUtils
0x00007fff29c88000 	/System/Library/Frameworks/CoreWLAN.framework/Versions/A/CoreWLAN
0x00007fff2e5db000 	/System/Library/Frameworks/IOBluetooth.framework/Versions/A/IOBluetooth
0x00007fff32d99000 	/System/Library/PrivateFrameworks/CoreWiFi.framework/Versions/A/CoreWiFi
0x00007fff2db4d000 	/System/Library/PrivateFrameworks/CorePhoneNumbers.framework/Versions/A/CorePhoneNumbers
0x00007fff30dae000 	/System/Library/PrivateFrameworks/DiskManagement.framework/Versions/A/DiskManagement
0x00007fff30cc4000 	/System/Library/PrivateFrameworks/AppleIDAuthSupport.framework/Versions/A/AppleIDAuthSupport
0x00007fff2db2d000 	/System/Library/PrivateFrameworks/KeychainCircle.framework/Versions/A/KeychainCircle
0x00007fff30d7a000 	/System/Library/PrivateFrameworks/MediaKit.framework/Versions/A/MediaKit
0x00007fff30cd1000 	/System/Library/Frameworks/DiscRecording.framework/Versions/A/DiscRecording
0x00007fff2b2f1000 	/usr/lib/libCoreStorage.dylib
0x00007fff331d4000 	/usr/lib/libcsfde.dylib
0x00007fff2e716000 	/System/Library/PrivateFrameworks/ProtectedCloudStorage.framework/Versions/A/ProtectedCloudStorage
0x00007fff331cc000 	/System/Library/PrivateFrameworks/EFILogin.framework/Versions/A/EFILogin
0x00007fff337f9000 	/System/Library/Frameworks/AudioUnit.framework/Versions/A/AudioUnit
0x00007fff30c41000 	/System/Library/Frameworks/CoreBluetooth.framework/Versions/A/CoreBluetooth
0x00007fff2b2e9000 	/usr/lib/libMatch.1.dylib
0x00007fff43ade000 	/System/Library/CoreServices/RawCamera.bundle/Contents/MacOS/RawCamera
0x00007fff2dad8000 	/System/Library/PrivateFrameworks/MobileAsset.framework/Versions/A/MobileAsset
0x00007fff3381d000 	/System/Library/PrivateFrameworks/StreamingZip.framework/Versions/A/StreamingZip
0x00007fff2c272000 	/System/Library/Frameworks/MediaToolbox.framework/Versions/A/MediaToolbox
0x00007fff31259000 	/System/Library/PrivateFrameworks/CoreAVCHD.framework/Versions/A/CoreAVCHD
0x00007fff3043f000 	/System/Library/Frameworks/MediaAccessibility.framework/Versions/A/MediaAccessibility
0x00007fff31255000 	/System/Library/PrivateFrameworks/Mangrove.framework/Versions/A/Mangrove
0x00007fff3044b000 	/System/Library/PrivateFrameworks/AlgosScoreFramework.framework/Versions/A/AlgosScoreFramework
0x00007fff31c43000 	/System/Library/PrivateFrameworks/AppleVPA.framework/Versions/A/AppleVPA
0x00007fff30e9a000 	/System/Library/PrivateFrameworks/CoreAUC.framework/Versions/A/CoreAUC
0x00007fff41531000 	/System/Library/Frameworks/Accelerate.framework/Versions/A/Frameworks/vImage.framework/Versions/A/Libraries/libCGInterfaces.dylib
0x0000000177c02000 	/usr/lib/libobjc-trampolines.dylib
0x00007fff2738d000 	/System/Library/PrivateFrameworks/ViewBridge.framework/Versions/A/ViewBridge
0x00007fff61e36000 	/System/Library/Extensions/AppleIntelHD5000GraphicsMTLDriver.bundle/Contents/MacOS/AppleIntelHD5000GraphicsMTLDriver
0x00007fff3d880000 	/System/Library/PrivateFrameworks/GPURawCounter.framework/Versions/A/GPURawCounter
0x00007fff69784000 	/System/Library/PrivateFrameworks/GPUCompiler.framework/Versions/31001/Libraries/libmetal_timestamp.dylib
0x000000017a3b9000 	/Users/oumou/Library/Java/JavaVirtualMachines/openjdk-23.0.1/Contents/Home/lib/libosxui.dylib
0x00007fff2ba90000 	/System/Library/PrivateFrameworks/login.framework/Versions/A/login


VM Arguments:
java_command: MainApp.CodeMiniProjet.Labyrinthe input6.txt
java_class_path (initial): ../out/production/Algo
Launcher Type: SUN_STANDARD

[Global flags]
     intx CICompilerCount                          = 3                                         {product} {ergonomic}
     uint ConcGCThreads                            = 1                                         {product} {ergonomic}
     uint G1ConcRefinementThreads                  = 4                                         {product} {ergonomic}
   size_t G1HeapRegionSize                         = 1048576                                   {product} {ergonomic}
   size_t InitialHeapSize                          = 134217728                                 {product} {ergonomic}
   size_t MarkStackSize                            = 4194304                                   {product} {ergonomic}
   size_t MarkStackSizeMax                         = 536870912                                 {product} {ergonomic}
   size_t MaxHeapSize                              = 2147483648                                {product} {ergonomic}
   size_t MaxNewSize                               = 1287651328                                {product} {ergonomic}
   size_t MinHeapDeltaBytes                        = 1048576                                   {product} {ergonomic}
   size_t MinHeapSize                              = 8388608                                   {product} {ergonomic}
    uintx NonNMethodCodeHeapSize                   = 5832704                                {pd product} {ergonomic}
    uintx NonProfiledCodeHeapSize                  = 122916864                              {pd product} {ergonomic}
    uintx ProfiledCodeHeapSize                     = 122908672                              {pd product} {ergonomic}
    uintx ReservedCodeCacheSize                    = 251658240                              {pd product} {ergonomic}
     bool SegmentedCodeCache                       = true                                      {product} {ergonomic}
   size_t SoftMaxHeapSize                          = 2147483648                             {manageable} {ergonomic}
     bool UseCompressedOops                        = true                           {product lp64_product} {ergonomic}
     bool UseG1GC                                  = true                                      {product} {ergonomic}
     bool UseNUMA                                  = false                                     {product} {ergonomic}
     bool UseNUMAInterleaving                      = false                                     {product} {ergonomic}

Logging:
Log output configuration:
 #0: stdout all=warning uptime,level,tags foldmultilines=false
 #1: stderr all=off uptime,level,tags foldmultilines=false

Environment Variables:
PATH=/usr/bin:/Users/oumou/Desktop/Master\ UT3-PS\ /Algorithmique_avancee\ /TPs/zimpl:/Users/oumou/Library/pnpm:/Users/oumou/.nvm/versions/node/v18.7.0/bin:/Library/Frameworks/Python.framework/Versions/3.10/bin:/usr/local/bin:/usr/bin:/bin:/usr/sbin:/sbin:/Library/TeX/texbin:/opt/X11/bin:/Library/Apple/usr/bin
SHELL=/bin/zsh
DISPLAY=/private/tmp/com.apple.launchd.cpda7N2hZg/org.xquartz:0
LC_CTYPE=UTF-8
TERM=xterm-256color
TMPDIR=/var/folders/dn/jb7grvj11ln76y9b1pkrz98h0000gn/T/

Active Locale:
LC_ALL=C/UTF-8/C/C/C/C
LC_COLLATE=C
LC_CTYPE=UTF-8
LC_MESSAGES=C
LC_MONETARY=C
LC_NUMERIC=C
LC_TIME=C

Signal Handlers:
   SIGSEGV: crash_handler in libjvm.dylib, mask=11100110000111110111111111111111, flags=SA_ONSTACK|SA_RESTART|SA_SIGINFO, unblocked
    SIGBUS: crash_handler in libjvm.dylib, mask=11100110000111110111111111111111, flags=SA_RESTART|SA_SIGINFO, unblocked
    SIGFPE: crash_handler in libjvm.dylib, mask=11100110000111110111111111111111, flags=SA_RESTART|SA_SIGINFO, unblocked
   SIGPIPE: javaSignalHandler in libjvm.dylib, mask=11100110000111110111111111111111, flags=SA_RESTART|SA_SIGINFO, blocked
   SIGXFSZ: javaSignalHandler in libjvm.dylib, mask=11100110000111110111111111111111, flags=SA_RESTART|SA_SIGINFO, blocked
    SIGILL: crash_handler in libjvm.dylib, mask=11100110000111110111111111111111, flags=SA_RESTART|SA_SIGINFO, unblocked
   SIGUSR2: SR_handler in libjvm.dylib, mask=00000000000000000000000000000000, flags=SA_RESTART|SA_SIGINFO, blocked
    SIGHUP: UserHandler in libjvm.dylib, mask=11100110000111110111111111111111, flags=SA_RESTART|SA_SIGINFO, blocked
    SIGINT: UserHandler in libjvm.dylib, mask=11100110000111110111111111111111, flags=SA_RESTART|SA_SIGINFO, blocked
   SIGTERM: UserHandler in libjvm.dylib, mask=11100110000111110111111111111111, flags=SA_RESTART|SA_SIGINFO, blocked
   SIGQUIT: UserHandler in libjvm.dylib, mask=11100110000111110111111111111111, flags=SA_RESTART|SA_SIGINFO, blocked
   SIGTRAP: crash_handler in libjvm.dylib, mask=11100110000111110111111111111111, flags=SA_RESTART|SA_SIGINFO, unblocked


Periodic native trim disabled

---------------  S Y S T E M  ---------------

OS:
uname: Darwin 20.6.0 Darwin Kernel Version 20.6.0: Thu Jul  6 22:12:47 PDT 2023; root:xnu-7195.141.49.702.12~1/RELEASE_X86_64 x86_64
OS uptime: 6 days 11:00 hours
rlimit (soft/hard): STACK 8192k/65532k , CORE 0k/infinity , NPROC 1392/2088 , NOFILE 2147483647/infinity , AS infinity/infinity , CPU infinity/infinity , DATA infinity/infinity , FSIZE infinity/infinity , MEMLOCK infinity/infinity , RSS infinity/infinity
load average: 5.03 9.01 8.80

CPU: total 4 (initial active 4) (2 cores per cpu, 2 threads per core) family 6 model 69 stepping 1 microcode 0x26, cx8, cmov, fxsr, ht, mmx, sse, sse2, sse3, ssse3, sse4.1, sse4.2, popcnt, lzcnt, tsc, tscinvbit, avx, avx2, aes, erms, clmul, bmi1, bmi2, fma, vzeroupper, clflush, rdtscp, f16c
machdep.cpu.brand_string:Intel(R) Core(TM) i7-4650U CPU @ 1.70GHz
hw.cpufrequency:1700000000
hw.cpufrequency_min:1700000000
hw.cpufrequency_max:1700000000
hw.cachelinesize:64
hw.l1icachesize:32768
hw.l1dcachesize:32768
hw.l2cachesize:262144
hw.l3cachesize:4194304

Memory: 4k page, physical 8388608k(37300k free), swap 7340032k(706048k free)

vm_info: OpenJDK 64-Bit Server VM (23.0.1+11-39) for bsd-amd64 JRE (23.0.1+11-39), built on 2024-09-30T07:20:43Z with clang Apple LLVM 14.0.3 (clang-1403.0.22.14.1)

END.
